# JRE version: Java(TM) SE Runtime Environment (8.0_101-b13) (build 1.8.0_101-b13)
# Java VM: Java HotSpot(TM) 64-Bit Server VM (25.101-b13 mixed mode bsd-amd64 compressed oops)
Heap:
 PSYoungGen      total 305664K, used 195104K [0x00000007aab00000, 0x00000007c0000000, 0x00000007c0000000)
  eden space 262144K, 74% used [0x00000007aab00000,0x00000007b69882d0,0x00000007bab00000)
  from space 43520K, 0% used [0x00000007bd580000,0x00000007bd580000,0x00000007c0000000)
  to   space 43520K, 0% used [0x00000007bab00000,0x00000007bab00000,0x00000007bd580000)
 ParOldGen       total 699392K, used 56382K [0x0000000780000000, 0x00000007aab00000, 0x00000007aab00000)
  object space 699392K, 8% used [0x0000000780000000,0x000000078370f9c0,0x00000007aab00000)
 Metaspace       used 83606K, capacity 88002K, committed 88232K, reserved 1122304K
  class space    used 14086K, capacity 14420K, committed 14504K, reserved 1048576K
GC Heap History (10 events):
Event: 7.564 GC heap before
{Heap before GC invocations=7 (full 3):
 PSYoungGen      total 305664K, used 3766K [0x00000007aab00000, 0x00000007c0000000, 0x00000007c0000000)
  eden space 262144K, 1% used [0x00000007aab00000,0x00000007aaeadad0,0x00000007bab00000)
  from space 43520K, 0% used [0x00000007bab00000,0x00000007bab00000,0x00000007bd580000)
  to   space 43520K, 0% used [0x00000007bd580000,0x00000007bd580000,0x00000007c0000000)
 ParOldGen       total 699392K, used 16932K [0x0000000780000000, 0x00000007aab00000, 0x00000007aab00000)
  object space 699392K, 2% used [0x0000000780000000,0x00000007810893e0,0x00000007aab00000)
 Metaspace       used 43995K, capacity 44278K, committed 44584K, reserved 1085440K
  class space    used 8365K, capacity 8438K, committed 8488K, reserved 1048576K
Event: 7.565 GC heap after
Heap after GC invocations=7 (full 3):
 PSYoungGen      total 305664K, used 64K [0x00000007aab00000, 0x00000007c0000000, 0x00000007c0000000)
  eden space 262144K, 0% used [0x00000007aab00000,0x00000007aab00000,0x00000007bab00000)
  from space 43520K, 0% used [0x00000007bd580000,0x00000007bd590000,0x00000007c0000000)
  to   space 43520K, 0% used [0x00000007bab00000,0x00000007bab00000,0x00000007bd580000)
 ParOldGen       total 699392K, used 16932K [0x0000000780000000, 0x00000007aab00000, 0x00000007aab00000)
  object space 699392K, 2% used [0x0000000780000000,0x00000007810893e0,0x00000007aab00000)
 Metaspace       used 43995K, capacity 44278K, committed 44584K, reserved 1085440K
  class space    used 8365K, capacity 8438K, committed 8488K, reserved 1048576K
}
Event: 7.565 GC heap before
{Heap before GC invocations=8 (full 4):
 PSYoungGen      total 305664K, used 64K [0x00000007aab00000, 0x00000007c0000000, 0x00000007c0000000)
  eden space 262144K, 0% used [0x00000007aab00000,0x00000007aab00000,0x00000007bab00000)
  from space 43520K, 0% used [0x00000007bd580000,0x00000007bd590000,0x00000007c0000000)
  to   space 43520K, 0% used [0x00000007bab00000,0x00000007bab00000,0x00000007bd580000)
 ParOldGen       total 699392K, used 16932K [0x0000000780000000, 0x00000007aab00000, 0x00000007aab00000)
  object space 699392K, 2% used [0x0000000780000000,0x00000007810893e0,0x00000007aab00000)
 Metaspace       used 43995K, capacity 44278K, committed 44584K, reserved 1085440K
  class space    used 8365K, capacity 8438K, committed 8488K, reserved 1048576K
Event: 7.619 GC heap after
Heap after GC invocations=8 (full 4):
 PSYoungGen      total 305664K, used 0K [0x00000007aab00000, 0x00000007c0000000, 0x00000007c0000000)
  eden space 262144K, 0% used [0x00000007aab00000,0x00000007aab00000,0x00000007bab00000)
  from space 43520K, 0% used [0x00000007bd580000,0x00000007bd580000,0x00000007c0000000)
  to   space 43520K, 0% used [0x00000007bab00000,0x00000007bab00000,0x00000007bd580000)
 ParOldGen       total 699392K, used 12594K [0x0000000780000000, 0x00000007aab00000, 0x00000007aab00000)
  object space 699392K, 1% used [0x0000000780000000,0x0000000780c4c998,0x00000007aab00000)
 Metaspace       used 43995K, capacity 44278K, committed 44584K, reserved 1085440K
  class space    used 8365K, capacity 8438K, committed 8488K, reserved 1048576K
}
Event: 8.292 GC heap before
{Heap before GC invocations=9 (full 4):
 PSYoungGen      total 305664K, used 262144K [0x00000007aab00000, 0x00000007c0000000, 0x00000007c0000000)
  eden space 262144K, 100% used [0x00000007aab00000,0x00000007bab00000,0x00000007bab00000)
  from space 43520K, 0% used [0x00000007bd580000,0x00000007bd580000,0x00000007c0000000)
  to   space 43520K, 0% used [0x00000007bab00000,0x00000007bab00000,0x00000007bd580000)
 ParOldGen       total 699392K, used 12594K [0x0000000780000000, 0x00000007aab00000, 0x00000007aab00000)
  object space 699392K, 1% used [0x0000000780000000,0x0000000780c4c998,0x00000007aab00000)
 Metaspace       used 46500K, capacity 47054K, committed 47272K, reserved 1087488K
  class space    used 8902K, capacity 9079K, committed 9128K, reserved 1048576K
Event: 8.296 GC heap after
Heap after GC invocations=9 (full 4):
 PSYoungGen      total 305664K, used 9090K [0x00000007aab00000, 0x00000007c0000000, 0x00000007c0000000)
  eden space 262144K, 0% used [0x00000007aab00000,0x00000007aab00000,0x00000007bab00000)
  from space 43520K, 20% used [0x00000007bab00000,0x00000007bb3e08a8,0x00000007bd580000)
  to   space 43520K, 0% used [0x00000007bd580000,0x00000007bd580000,0x00000007c0000000)
 ParOldGen       total 699392K, used 12602K [0x0000000780000000, 0x00000007aab00000, 0x00000007aab00000)
  object space 699392K, 1% used [0x0000000780000000,0x0000000780c4e998,0x00000007aab00000)
 Metaspace       used 46500K, capacity 47054K, committed 47272K, reserved 1087488K
  class space    used 8902K, capacity 9079K, committed 9128K, reserved 1048576K
}
Event: 9.818 GC heap before
{Heap before GC invocations=10 (full 4):
 PSYoungGen      total 305664K, used 150951K [0x00000007aab00000, 0x00000007c0000000, 0x00000007c0000000)
  eden space 262144K, 54% used [0x00000007aab00000,0x00000007b35894d8,0x00000007bab00000)
  from space 43520K, 20% used [0x00000007bab00000,0x00000007bb3e08a8,0x00000007bd580000)
  to   space 43520K, 0% used [0x00000007bd580000,0x00000007bd580000,0x00000007c0000000)
 ParOldGen       total 699392K, used 12602K [0x0000000780000000, 0x00000007aab00000, 0x00000007aab00000)
  object space 699392K, 1% used [0x0000000780000000,0x0000000780c4e998,0x00000007aab00000)
 Metaspace       used 72126K, capacity 74096K, committed 74280K, reserved 1112064K
  class space    used 12316K, capacity 12570K, committed 12584K, reserved 1048576K
Event: 9.841 GC heap after
Heap after GC invocations=10 (full 4):
 PSYoungGen      total 305664K, used 43504K [0x00000007aab00000, 0x00000007c0000000, 0x00000007c0000000)
  eden space 262144K, 0% used [0x00000007aab00000,0x00000007aab00000,0x00000007bab00000)
  from space 43520K, 99% used [0x00000007bd580000,0x00000007bfffc3d0,0x00000007c0000000)
  to   space 43520K, 0% used [0x00000007bab00000,0x00000007bab00000,0x00000007bd580000)
 ParOldGen       total 699392K, used 17222K [0x0000000780000000, 0x00000007aab00000, 0x00000007aab00000)
  object space 699392K, 2% used [0x0000000780000000,0x00000007810d18e0,0x00000007aab00000)
 Metaspace       used 72126K, capacity 74096K, committed 74280K, reserved 1112064K
  class space    used 12316K, capacity 12570K, committed 12584K, reserved 1048576K
}
Event: 9.841 GC heap before
{Heap before GC invocations=11 (full 5):
 PSYoungGen      total 305664K, used 43504K [0x00000007aab00000, 0x00000007c0000000, 0x00000007c0000000)
  eden space 262144K, 0% used [0x00000007aab00000,0x00000007aab00000,0x00000007bab00000)
  from space 43520K, 99% used [0x00000007bd580000,0x00000007bfffc3d0,0x00000007c0000000)
  to   space 43520K, 0% used [0x00000007bab00000,0x00000007bab00000,0x00000007bd580000)
 ParOldGen       total 699392K, used 17222K [0x0000000780000000, 0x00000007aab00000, 0x00000007aab00000)
  object space 699392K, 2% used [0x0000000780000000,0x00000007810d18e0,0x00000007aab00000)
 Metaspace       used 72126K, capacity 74096K, committed 74280K, reserved 1112064K
  class space    used 12316K, capacity 12570K, committed 12584K, reserved 1048576K
Event: 9.924 GC heap after
Heap after GC invocations=11 (full 5):
 PSYoungGen      total 305664K, used 0K [0x00000007aab00000, 0x00000007c0000000, 0x00000007c0000000)
  eden space 262144K, 0% used [0x00000007aab00000,0x00000007aab00000,0x00000007bab00000)
  from space 43520K, 0% used [0x00000007bd580000,0x00000007bd580000,0x00000007c0000000)
  to   space 43520K, 0% used [0x00000007bab00000,0x00000007bab00000,0x00000007bd580000)
 ParOldGen       total 699392K, used 56382K [0x0000000780000000, 0x00000007aab00000, 0x00000007aab00000)
  object space 699392K, 8% used [0x0000000780000000,0x000000078370f9c0,0x00000007aab00000)
 Metaspace       used 71958K, capacity 73874K, committed 74280K, reserved 1112064K
  class space    used 12265K, capacity 12496K, committed 12584K, reserved 1048576K
}

