{"/Users/aina/8thlight/tttWebApp/coverage/lcov-report/prettify.js": {"path":"/Users/aina/8thlight/tttWebApp/coverage/lcov-report/prettify.js","statementMap":{"0":{"start":{"line":1,"column":0},"end":{"line":1,"column":41}},"1":{"start":{"line":1,"column":41},"end":{"line":1,"column":17718}},"2":{"start":{"line":1,"column":63},"end":{"line":1,"column":109}},"3":{"start":{"line":1,"column":118},"end":{"line":1,"column":279}},"4":{"start":{"line":1,"column":288},"end":{"line":1,"column":391}},"5":{"start":{"line":1,"column":400},"end":{"line":1,"column":659}},"6":{"start":{"line":1,"column":668},"end":{"line":1,"column":812}},"7":{"start":{"line":1,"column":821},"end":{"line":1,"column":1090}},"8":{"start":{"line":1,"column":1099},"end":{"line":1,"column":1257}},"9":{"start":{"line":1,"column":1266},"end":{"line":1,"column":1347}},"10":{"start":{"line":1,"column":1356},"end":{"line":1,"column":1532}},"11":{"start":{"line":1,"column":1541},"end":{"line":1,"column":1696}},"12":{"start":{"line":1,"column":1705},"end":{"line":1,"column":1878}},"13":{"start":{"line":1,"column":1887},"end":{"line":1,"column":1954}},"14":{"start":{"line":1,"column":1963},"end":{"line":1,"column":1985}},"15":{"start":{"line":1,"column":1994},"end":{"line":1,"column":2106}},"16":{"start":{"line":1,"column":2115},"end":{"line":1,"column":2120}},"17":{"start":{"line":1,"column":2129},"end":{"line":1,"column":2134}},"18":{"start":{"line":1,"column":2143},"end":{"line":1,"column":2148}},"19":{"start":{"line":1,"column":2157},"end":{"line":1,"column":2162}},"20":{"start":{"line":1,"column":2171},"end":{"line":1,"column":2176}},"21":{"start":{"line":1,"column":2185},"end":{"line":1,"column":2190}},"22":{"start":{"line":1,"column":2199},"end":{"line":1,"column":2204}},"23":{"start":{"line":1,"column":2213},"end":{"line":1,"column":2218}},"24":{"start":{"line":1,"column":2227},"end":{"line":1,"column":2232}},"25":{"start":{"line":1,"column":2241},"end":{"line":1,"column":2246}},"26":{"start":{"line":1,"column":2255},"end":{"line":1,"column":2260}},"27":{"start":{"line":1,"column":2269},"end":{"line":1,"column":2274}},"28":{"start":{"line":1,"column":2283},"end":{"line":1,"column":2291}},"29":{"start":{"line":1,"column":2300},"end":{"line":1,"column":2599}},"30":{"start":{"line":1,"column":2624},"end":{"line":1,"column":2625}},"31":{"start":{"line":1,"column":2634},"end":{"line":1,"column":2639}},"32":{"start":{"line":1,"column":2649},"end":{"line":1,"column":2654}},"33":{"start":{"line":1,"column":2655},"end":{"line":1,"column":2865}},"34":{"start":{"line":1,"column":2707},"end":{"line":1,"column":2711}},"35":{"start":{"line":1,"column":2712},"end":{"line":1,"column":2864}},"36":{"start":{"line":1,"column":2732},"end":{"line":1,"column":2742}},"37":{"start":{"line":1,"column":2750},"end":{"line":1,"column":2863}},"38":{"start":{"line":1,"column":2836},"end":{"line":1,"column":2845}},"39":{"start":{"line":1,"column":2845},"end":{"line":1,"column":2856}},"40":{"start":{"line":1,"column":2856},"end":{"line":1,"column":2862}},"41":{"start":{"line":1,"column":2873},"end":{"line":1,"column":2915}},"42":{"start":{"line":1,"column":2942},"end":{"line":1,"column":2958}},"43":{"start":{"line":1,"column":2959},"end":{"line":1,"column":2986}},"44":{"start":{"line":1,"column":2975},"end":{"line":1,"column":2985}},"45":{"start":{"line":1,"column":2995},"end":{"line":1,"column":3007}},"46":{"start":{"line":1,"column":3008},"end":{"line":1,"column":3019}},"47":{"start":{"line":1,"column":3019},"end":{"line":1,"column":3222}},"48":{"start":{"line":1,"column":3028},"end":{"line":1,"column":3038}},"49":{"start":{"line":1,"column":3046},"end":{"line":1,"column":3221}},"50":{"start":{"line":1,"column":3075},"end":{"line":1,"column":3111}},"51":{"start":{"line":1,"column":3119},"end":{"line":1,"column":3220}},"52":{"start":{"line":1,"column":3150},"end":{"line":1,"column":3187}},"53":{"start":{"line":1,"column":3195},"end":{"line":1,"column":3219}},"54":{"start":{"line":1,"column":3239},"end":{"line":1,"column":3306}},"55":{"start":{"line":1,"column":3253},"end":{"line":1,"column":3305}},"56":{"start":{"line":1,"column":3315},"end":{"line":1,"column":3338}},"57":{"start":{"line":1,"column":3339},"end":{"line":1,"column":3415}},"58":{"start":{"line":1,"column":3399},"end":{"line":1,"column":3414}},"59":{"start":{"line":1,"column":3415},"end":{"line":1,"column":3425}},"60":{"start":{"line":1,"column":3451},"end":{"line":1,"column":3606}},"61":{"start":{"line":1,"column":3616},"end":{"line":1,"column":3618}},"62":{"start":{"line":1,"column":3628},"end":{"line":1,"column":3630}},"63":{"start":{"line":1,"column":3640},"end":{"line":1,"column":3653}},"64":{"start":{"line":1,"column":3654},"end":{"line":1,"column":4107}},"65":{"start":{"line":1,"column":3721},"end":{"line":1,"column":3727}},"66":{"start":{"line":1,"column":3728},"end":{"line":1,"column":4106}},"67":{"start":{"line":1,"column":3755},"end":{"line":1,"column":3767}},"68":{"start":{"line":1,"column":3784},"end":{"line":1,"column":3790}},"69":{"start":{"line":1,"column":3798},"end":{"line":1,"column":3883}},"70":{"start":{"line":1,"column":3838},"end":{"line":1,"column":3858}},"71":{"start":{"line":1,"column":3858},"end":{"line":1,"column":3866}},"72":{"start":{"line":1,"column":3874},"end":{"line":1,"column":3882}},"73":{"start":{"line":1,"column":3883},"end":{"line":1,"column":3901}},"74":{"start":{"line":1,"column":3901},"end":{"line":1,"column":4105}},"75":{"start":{"line":1,"column":3930},"end":{"line":1,"column":4015}},"76":{"start":{"line":1,"column":3958},"end":{"line":1,"column":4014}},"77":{"start":{"line":1,"column":4015},"end":{"line":1,"column":4104}},"78":{"start":{"line":1,"column":4044},"end":{"line":1,"column":4103}},"79":{"start":{"line":1,"column":4107},"end":{"line":1,"column":4175}},"80":{"start":{"line":1,"column":4134},"end":{"line":1,"column":4172}},"81":{"start":{"line":1,"column":4184},"end":{"line":1,"column":4186}},"82":{"start":{"line":1,"column":4196},"end":{"line":1,"column":4206}},"83":{"start":{"line":1,"column":4207},"end":{"line":1,"column":4346}},"84":{"start":{"line":1,"column":4256},"end":{"line":1,"column":4262}},"85":{"start":{"line":1,"column":4263},"end":{"line":1,"column":4345}},"86":{"start":{"line":1,"column":4288},"end":{"line":1,"column":4319}},"87":{"start":{"line":1,"column":4327},"end":{"line":1,"column":4344}},"88":{"start":{"line":1,"column":4355},"end":{"line":1,"column":4360}},"89":{"start":{"line":1,"column":4361},"end":{"line":1,"column":4384}},"90":{"start":{"line":1,"column":4370},"end":{"line":1,"column":4383}},"91":{"start":{"line":1,"column":4384},"end":{"line":1,"column":4406}},"92":{"start":{"line":1,"column":4406},"end":{"line":1,"column":4558}},"93":{"start":{"line":1,"column":4455},"end":{"line":1,"column":4461}},"94":{"start":{"line":1,"column":4462},"end":{"line":1,"column":4480}},"95":{"start":{"line":1,"column":4480},"end":{"line":1,"column":4557}},"96":{"start":{"line":1,"column":4500},"end":{"line":1,"column":4538}},"97":{"start":{"line":1,"column":4524},"end":{"line":1,"column":4537}},"98":{"start":{"line":1,"column":4538},"end":{"line":1,"column":4556}},"99":{"start":{"line":1,"column":4558},"end":{"line":1,"column":4571}},"100":{"start":{"line":1,"column":4571},"end":{"line":1,"column":4590}},"101":{"start":{"line":1,"column":4616},"end":{"line":1,"column":4805}},"102":{"start":{"line":1,"column":4815},"end":{"line":1,"column":4824}},"103":{"start":{"line":1,"column":4834},"end":{"line":1,"column":4836}},"104":{"start":{"line":1,"column":4837},"end":{"line":1,"column":5015}},"105":{"start":{"line":1,"column":4887},"end":{"line":1,"column":4893}},"106":{"start":{"line":1,"column":4894},"end":{"line":1,"column":5014}},"107":{"start":{"line":1,"column":4911},"end":{"line":1,"column":4916}},"108":{"start":{"line":1,"column":4924},"end":{"line":1,"column":5013}},"109":{"start":{"line":1,"column":4961},"end":{"line":1,"column":4977}},"110":{"start":{"line":1,"column":4978},"end":{"line":1,"column":5012}},"111":{"start":{"line":1,"column":4999},"end":{"line":1,"column":5011}},"112":{"start":{"line":1,"column":5015},"end":{"line":1,"column":5091}},"113":{"start":{"line":1,"column":5055},"end":{"line":1,"column":5090}},"114":{"start":{"line":1,"column":5075},"end":{"line":1,"column":5089}},"115":{"start":{"line":1,"column":5091},"end":{"line":1,"column":5323}},"116":{"start":{"line":1,"column":5141},"end":{"line":1,"column":5147}},"117":{"start":{"line":1,"column":5148},"end":{"line":1,"column":5322}},"118":{"start":{"line":1,"column":5165},"end":{"line":1,"column":5170}},"119":{"start":{"line":1,"column":5170},"end":{"line":1,"column":5213}},"120":{"start":{"line":1,"column":5197},"end":{"line":1,"column":5212}},"121":{"start":{"line":1,"column":5221},"end":{"line":1,"column":5321}},"122":{"start":{"line":1,"column":5258},"end":{"line":1,"column":5274}},"123":{"start":{"line":1,"column":5275},"end":{"line":1,"column":5320}},"124":{"start":{"line":1,"column":5296},"end":{"line":1,"column":5319}},"125":{"start":{"line":1,"column":5323},"end":{"line":1,"column":5421}},"126":{"start":{"line":1,"column":5364},"end":{"line":1,"column":5420}},"127":{"start":{"line":1,"column":5407},"end":{"line":1,"column":5419}},"128":{"start":{"line":1,"column":5421},"end":{"line":1,"column":5732}},"129":{"start":{"line":1,"column":5446},"end":{"line":1,"column":5731}},"130":{"start":{"line":1,"column":5488},"end":{"line":1,"column":5494}},"131":{"start":{"line":1,"column":5504},"end":{"line":1,"column":5516}},"132":{"start":{"line":1,"column":5517},"end":{"line":1,"column":5730}},"133":{"start":{"line":1,"column":5552},"end":{"line":1,"column":5567}},"134":{"start":{"line":1,"column":5575},"end":{"line":1,"column":5729}},"135":{"start":{"line":1,"column":5593},"end":{"line":1,"column":5728}},"136":{"start":{"line":1,"column":5650},"end":{"line":1,"column":5666}},"137":{"start":{"line":1,"column":5667},"end":{"line":1,"column":5725}},"138":{"start":{"line":1,"column":5732},"end":{"line":1,"column":5751}},"139":{"start":{"line":1,"column":5761},"end":{"line":1,"column":5763}},"140":{"start":{"line":1,"column":5764},"end":{"line":1,"column":5909}},"141":{"start":{"line":1,"column":5816},"end":{"line":1,"column":5820}},"142":{"start":{"line":1,"column":5821},"end":{"line":1,"column":5879}},"143":{"start":{"line":1,"column":5853},"end":{"line":1,"column":5878}},"144":{"start":{"line":1,"column":5879},"end":{"line":1,"column":5908}},"145":{"start":{"line":1,"column":5909},"end":{"line":1,"column":5958}},"146":{"start":{"line":1,"column":5982},"end":{"line":1,"column":6006}},"147":{"start":{"line":1,"column":6015},"end":{"line":1,"column":6017}},"148":{"start":{"line":1,"column":6026},"end":{"line":1,"column":6027}},"149":{"start":{"line":1,"column":6036},"end":{"line":1,"column":6038}},"150":{"start":{"line":1,"column":6047},"end":{"line":1,"column":6048}},"151":{"start":{"line":1,"column":6055},"end":{"line":1,"column":6229}},"152":{"start":{"line":1,"column":6076},"end":{"line":1,"column":6106}},"153":{"start":{"line":1,"column":6114},"end":{"line":1,"column":6228}},"154":{"start":{"line":1,"column":6144},"end":{"line":1,"column":6227}},"155":{"start":{"line":1,"column":6237},"end":{"line":1,"column":6269}},"156":{"start":{"line":1,"column":6287},"end":{"line":1,"column":6730}},"157":{"start":{"line":1,"column":6316},"end":{"line":1,"column":6351}},"158":{"start":{"line":1,"column":6343},"end":{"line":1,"column":6350}},"159":{"start":{"line":1,"column":6351},"end":{"line":1,"column":6414}},"160":{"start":{"line":1,"column":6406},"end":{"line":1,"column":6413}},"161":{"start":{"line":1,"column":6423},"end":{"line":1,"column":6434}},"162":{"start":{"line":1,"column":6435},"end":{"line":1,"column":6518}},"163":{"start":{"line":1,"column":6468},"end":{"line":1,"column":6480}},"164":{"start":{"line":1,"column":6480},"end":{"line":1,"column":6496}},"165":{"start":{"line":1,"column":6496},"end":{"line":1,"column":6517}},"166":{"start":{"line":1,"column":6518},"end":{"line":1,"column":6524}},"167":{"start":{"line":1,"column":6547},"end":{"line":1,"column":6559}},"168":{"start":{"line":1,"column":6560},"end":{"line":1,"column":6723}},"169":{"start":{"line":1,"column":6576},"end":{"line":1,"column":6662}},"170":{"start":{"line":1,"column":6585},"end":{"line":1,"column":6621}},"171":{"start":{"line":1,"column":6629},"end":{"line":1,"column":6661}},"172":{"start":{"line":1,"column":6662},"end":{"line":1,"column":6672}},"173":{"start":{"line":1,"column":6672},"end":{"line":1,"column":6686}},"174":{"start":{"line":1,"column":6686},"end":{"line":1,"column":6701}},"175":{"start":{"line":1,"column":6701},"end":{"line":1,"column":6722}},"176":{"start":{"line":1,"column":6723},"end":{"line":1,"column":6729}},"177":{"start":{"line":1,"column":6731},"end":{"line":1,"column":6737}},"178":{"start":{"line":1,"column":6737},"end":{"line":1,"column":6800}},"179":{"start":{"line":1,"column":6825},"end":{"line":1,"column":6842}},"180":{"start":{"line":1,"column":6834},"end":{"line":1,"column":6841}},"181":{"start":{"line":1,"column":6850},"end":{"line":1,"column":6879}},"182":{"start":{"line":1,"column":6880},"end":{"line":1,"column":6885}},"183":{"start":{"line":1,"column":6885},"end":{"line":1,"column":6916}},"184":{"start":{"line":1,"column":6925},"end":{"line":1,"column":6929}},"185":{"start":{"line":1,"column":6953},"end":{"line":1,"column":6962}},"186":{"start":{"line":1,"column":6963},"end":{"line":1,"column":7101}},"187":{"start":{"line":1,"column":7021},"end":{"line":1,"column":7031}},"188":{"start":{"line":1,"column":7032},"end":{"line":1,"column":7100}},"189":{"start":{"line":1,"column":7101},"end":{"line":1,"column":7132}},"190":{"start":{"line":1,"column":7159},"end":{"line":1,"column":7161}},"191":{"start":{"line":1,"column":7168},"end":{"line":1,"column":7499}},"192":{"start":{"line":1,"column":7191},"end":{"line":1,"column":7202}},"193":{"start":{"line":1,"column":7212},"end":{"line":1,"column":7214}},"194":{"start":{"line":1,"column":7224},"end":{"line":1,"column":7226}},"195":{"start":{"line":1,"column":7227},"end":{"line":1,"column":7461}},"196":{"start":{"line":1,"column":7282},"end":{"line":1,"column":7288}},"197":{"start":{"line":1,"column":7298},"end":{"line":1,"column":7302}},"198":{"start":{"line":1,"column":7303},"end":{"line":1,"column":7373}},"199":{"start":{"line":1,"column":7312},"end":{"line":1,"column":7372}},"200":{"start":{"line":1,"column":7350},"end":{"line":1,"column":7371}},"201":{"start":{"line":1,"column":7382},"end":{"line":1,"column":7386}},"202":{"start":{"line":1,"column":7396},"end":{"line":1,"column":7403}},"203":{"start":{"line":1,"column":7404},"end":{"line":1,"column":7460}},"204":{"start":{"line":1,"column":7433},"end":{"line":1,"column":7445}},"205":{"start":{"line":1,"column":7445},"end":{"line":1,"column":7459}},"206":{"start":{"line":1,"column":7461},"end":{"line":1,"column":7484}},"207":{"start":{"line":1,"column":7484},"end":{"line":1,"column":7494}},"208":{"start":{"line":1,"column":7507},"end":{"line":1,"column":7515}},"209":{"start":{"line":1,"column":7524},"end":{"line":1,"column":8474}},"210":{"start":{"line":1,"column":7547},"end":{"line":1,"column":7560}},"211":{"start":{"line":1,"column":7565},"end":{"line":1,"column":7575}},"212":{"start":{"line":1,"column":7585},"end":{"line":1,"column":7591}},"213":{"start":{"line":1,"column":7601},"end":{"line":1,"column":7602}},"214":{"start":{"line":1,"column":7612},"end":{"line":1,"column":7628}},"215":{"start":{"line":1,"column":7638},"end":{"line":1,"column":7640}},"216":{"start":{"line":1,"column":7641},"end":{"line":1,"column":8453}},"217":{"start":{"line":1,"column":7699},"end":{"line":1,"column":7705}},"218":{"start":{"line":1,"column":7715},"end":{"line":1,"column":7721}},"219":{"start":{"line":1,"column":7731},"end":{"line":1,"column":7737}},"220":{"start":{"line":1,"column":7745},"end":{"line":1,"column":8122}},"221":{"start":{"line":1,"column":7774},"end":{"line":1,"column":7785}},"222":{"start":{"line":1,"column":7802},"end":{"line":1,"column":7817}},"223":{"start":{"line":1,"column":7818},"end":{"line":1,"column":7978}},"224":{"start":{"line":1,"column":7827},"end":{"line":1,"column":7848}},"225":{"start":{"line":1,"column":7848},"end":{"line":1,"column":7859}},"226":{"start":{"line":1,"column":7867},"end":{"line":1,"column":7959}},"227":{"start":{"line":1,"column":7899},"end":{"line":1,"column":7910}},"228":{"start":{"line":1,"column":7910},"end":{"line":1,"column":7931}},"229":{"start":{"line":1,"column":7931},"end":{"line":1,"column":7958}},"230":{"start":{"line":1,"column":7940},"end":{"line":1,"column":7951}},"231":{"start":{"line":1,"column":7951},"end":{"line":1,"column":7957}},"232":{"start":{"line":1,"column":7959},"end":{"line":1,"column":7977}},"233":{"start":{"line":1,"column":7969},"end":{"line":1,"column":7976}},"234":{"start":{"line":1,"column":7978},"end":{"line":1,"column":8032}},"235":{"start":{"line":1,"column":8032},"end":{"line":1,"column":8098}},"236":{"start":{"line":1,"column":8079},"end":{"line":1,"column":8090}},"237":{"start":{"line":1,"column":8090},"end":{"line":1,"column":8097}},"238":{"start":{"line":1,"column":8098},"end":{"line":1,"column":8121}},"239":{"start":{"line":1,"column":8108},"end":{"line":1,"column":8120}},"240":{"start":{"line":1,"column":8131},"end":{"line":1,"column":8133}},"241":{"start":{"line":1,"column":8134},"end":{"line":1,"column":8150}},"242":{"start":{"line":1,"column":8150},"end":{"line":1,"column":8452}},"243":{"start":{"line":1,"column":8160},"end":{"line":1,"column":8180}},"244":{"start":{"line":1,"column":8197},"end":{"line":1,"column":8202}},"245":{"start":{"line":1,"column":8212},"end":{"line":1,"column":8226}},"246":{"start":{"line":1,"column":8236},"end":{"line":1,"column":8250}},"247":{"start":{"line":1,"column":8251},"end":{"line":1,"column":8314}},"248":{"start":{"line":1,"column":8263},"end":{"line":1,"column":8293}},"249":{"start":{"line":1,"column":8293},"end":{"line":1,"column":8313}},"250":{"start":{"line":1,"column":8323},"end":{"line":1,"column":8338}},"251":{"start":{"line":1,"column":8339},"end":{"line":1,"column":8377}},"252":{"start":{"line":1,"column":8377},"end":{"line":1,"column":8411}},"253":{"start":{"line":1,"column":8411},"end":{"line":1,"column":8451}},"254":{"start":{"line":1,"column":8453},"end":{"line":1,"column":8473}},"255":{"start":{"line":1,"column":8475},"end":{"line":1,"column":8484}},"256":{"start":{"line":1,"column":8508},"end":{"line":1,"column":8510}},"257":{"start":{"line":1,"column":8515},"end":{"line":1,"column":8517}},"258":{"start":{"line":1,"column":8518},"end":{"line":1,"column":9025}},"259":{"start":{"line":1,"column":8546},"end":{"line":1,"column":8757}},"260":{"start":{"line":1,"column":8765},"end":{"line":1,"column":9024}},"261":{"start":{"line":1,"column":8790},"end":{"line":1,"column":8920}},"262":{"start":{"line":1,"column":8928},"end":{"line":1,"column":9023}},"263":{"start":{"line":1,"column":9025},"end":{"line":1,"column":9099}},"264":{"start":{"line":1,"column":9049},"end":{"line":1,"column":9098}},"265":{"start":{"line":1,"column":9107},"end":{"line":1,"column":9121}},"266":{"start":{"line":1,"column":9122},"end":{"line":1,"column":9498}},"267":{"start":{"line":1,"column":9130},"end":{"line":1,"column":9497}},"268":{"start":{"line":1,"column":9153},"end":{"line":1,"column":9361}},"269":{"start":{"line":1,"column":9165},"end":{"line":1,"column":9229}},"270":{"start":{"line":1,"column":9237},"end":{"line":1,"column":9360}},"271":{"start":{"line":1,"column":9361},"end":{"line":1,"column":9451}},"272":{"start":{"line":1,"column":9459},"end":{"line":1,"column":9496}},"273":{"start":{"line":1,"column":9498},"end":{"line":1,"column":9602}},"274":{"start":{"line":1,"column":9521},"end":{"line":1,"column":9556}},"275":{"start":{"line":1,"column":9556},"end":{"line":1,"column":9601}},"276":{"start":{"line":1,"column":9602},"end":{"line":1,"column":9789}},"277":{"start":{"line":1,"column":9632},"end":{"line":1,"column":9727}},"278":{"start":{"line":1,"column":9728},"end":{"line":1,"column":9788}},"279":{"start":{"line":1,"column":9797},"end":{"line":1,"column":9804}},"280":{"start":{"line":1,"column":9805},"end":{"line":1,"column":9829}},"281":{"start":{"line":1,"column":9813},"end":{"line":1,"column":9828}},"282":{"start":{"line":1,"column":9837},"end":{"line":1,"column":9876}},"283":{"start":{"line":1,"column":9877},"end":{"line":1,"column":9968}},"284":{"start":{"line":1,"column":9892},"end":{"line":1,"column":9967}},"285":{"start":{"line":1,"column":9968},"end":{"line":1,"column":10009}},"286":{"start":{"line":1,"column":10009},"end":{"line":1,"column":10343}},"287":{"start":{"line":1,"column":10343},"end":{"line":1,"column":10358}},"288":{"start":{"line":1,"column":10367},"end":{"line":1,"column":10472}},"289":{"start":{"line":1,"column":10500},"end":{"line":1,"column":10524}},"290":{"start":{"line":1,"column":10534},"end":{"line":1,"column":10544}},"291":{"start":{"line":1,"column":10554},"end":{"line":1,"column":10569}},"292":{"start":{"line":1,"column":10576},"end":{"line":1,"column":10744}},"293":{"start":{"line":1,"column":10597},"end":{"line":1,"column":10627}},"294":{"start":{"line":1,"column":10635},"end":{"line":1,"column":10743}},"295":{"start":{"line":1,"column":10665},"end":{"line":1,"column":10742}},"296":{"start":{"line":1,"column":10752},"end":{"line":1,"column":10784}},"297":{"start":{"line":1,"column":10794},"end":{"line":1,"column":10816}},"298":{"start":{"line":1,"column":10817},"end":{"line":1,"column":10869}},"299":{"start":{"line":1,"column":10839},"end":{"line":1,"column":10868}},"300":{"start":{"line":1,"column":10877},"end":{"line":1,"column":10881}},"301":{"start":{"line":1,"column":10899},"end":{"line":1,"column":11445}},"302":{"start":{"line":1,"column":10928},"end":{"line":1,"column":10962}},"303":{"start":{"line":1,"column":10955},"end":{"line":1,"column":10961}},"304":{"start":{"line":1,"column":10962},"end":{"line":1,"column":11119}},"305":{"start":{"line":1,"column":10989},"end":{"line":1,"column":10996}},"306":{"start":{"line":1,"column":10996},"end":{"line":1,"column":11047}},"307":{"start":{"line":1,"column":11016},"end":{"line":1,"column":11046}},"308":{"start":{"line":1,"column":11055},"end":{"line":1,"column":11118}},"309":{"start":{"line":1,"column":11110},"end":{"line":1,"column":11117}},"310":{"start":{"line":1,"column":11119},"end":{"line":1,"column":11125}},"311":{"start":{"line":1,"column":11139},"end":{"line":1,"column":11438}},"312":{"start":{"line":1,"column":11156},"end":{"line":1,"column":11168}},"313":{"start":{"line":1,"column":11178},"end":{"line":1,"column":11190}},"314":{"start":{"line":1,"column":11191},"end":{"line":1,"column":11437}},"315":{"start":{"line":1,"column":11209},"end":{"line":1,"column":11234}},"316":{"start":{"line":1,"column":11235},"end":{"line":1,"column":11253}},"317":{"start":{"line":1,"column":11262},"end":{"line":1,"column":11299}},"318":{"start":{"line":1,"column":11300},"end":{"line":1,"column":11388}},"319":{"start":{"line":1,"column":11318},"end":{"line":1,"column":11331}},"320":{"start":{"line":1,"column":11332},"end":{"line":1,"column":11387}},"321":{"start":{"line":1,"column":11388},"end":{"line":1,"column":11395}},"322":{"start":{"line":1,"column":11395},"end":{"line":1,"column":11436}},"323":{"start":{"line":1,"column":11405},"end":{"line":1,"column":11435}},"324":{"start":{"line":1,"column":11438},"end":{"line":1,"column":11444}},"325":{"start":{"line":1,"column":11463},"end":{"line":1,"column":11526}},"326":{"start":{"line":1,"column":11488},"end":{"line":1,"column":11507}},"327":{"start":{"line":1,"column":11507},"end":{"line":1,"column":11525}},"328":{"start":{"line":1,"column":11517},"end":{"line":1,"column":11524}},"329":{"start":{"line":1,"column":11556},"end":{"line":1,"column":11585}},"330":{"start":{"line":1,"column":11595},"end":{"line":1,"column":11608}},"331":{"start":{"line":1,"column":11609},"end":{"line":1,"column":11753}},"332":{"start":{"line":1,"column":11627},"end":{"line":1,"column":11636}},"333":{"start":{"line":1,"column":11646},"end":{"line":1,"column":11660}},"334":{"start":{"line":1,"column":11661},"end":{"line":1,"column":11680}},"335":{"start":{"line":1,"column":11680},"end":{"line":1,"column":11752}},"336":{"start":{"line":1,"column":11712},"end":{"line":1,"column":11732}},"337":{"start":{"line":1,"column":11732},"end":{"line":1,"column":11751}},"338":{"start":{"line":1,"column":11753},"end":{"line":1,"column":11763}},"339":{"start":{"line":1,"column":11773},"end":{"line":1,"column":11794}},"340":{"start":{"line":1,"column":11795},"end":{"line":1,"column":11862}},"341":{"start":{"line":1,"column":11853},"end":{"line":1,"column":11861}},"342":{"start":{"line":1,"column":11862},"end":{"line":1,"column":11873}},"343":{"start":{"line":1,"column":11874},"end":{"line":1,"column":11920}},"344":{"start":{"line":1,"column":11910},"end":{"line":1,"column":11919}},"345":{"start":{"line":1,"column":11920},"end":{"line":1,"column":11974}},"346":{"start":{"line":1,"column":11942},"end":{"line":1,"column":11973}},"347":{"start":{"line":1,"column":11983},"end":{"line":1,"column":12005}},"348":{"start":{"line":1,"column":12006},"end":{"line":1,"column":12032}},"349":{"start":{"line":1,"column":12040},"end":{"line":1,"column":12068}},"350":{"start":{"line":1,"column":12069},"end":{"line":1,"column":12240}},"351":{"start":{"line":1,"column":12112},"end":{"line":1,"column":12122}},"352":{"start":{"line":1,"column":12122},"end":{"line":1,"column":12156}},"353":{"start":{"line":1,"column":12156},"end":{"line":1,"column":12220}},"354":{"start":{"line":1,"column":12177},"end":{"line":1,"column":12219}},"355":{"start":{"line":1,"column":12220},"end":{"line":1,"column":12239}},"356":{"start":{"line":1,"column":12240},"end":{"line":1,"column":12258}},"357":{"start":{"line":1,"column":12284},"end":{"line":1,"column":12320}},"358":{"start":{"line":1,"column":12330},"end":{"line":1,"column":12335}},"359":{"start":{"line":1,"column":12345},"end":{"line":1,"column":12358}},"360":{"start":{"line":1,"column":12368},"end":{"line":1,"column":12377}},"361":{"start":{"line":1,"column":12386},"end":{"line":1,"column":12387}},"362":{"start":{"line":1,"column":12397},"end":{"line":1,"column":12405}},"363":{"start":{"line":1,"column":12414},"end":{"line":1,"column":12423}},"364":{"start":{"line":1,"column":12433},"end":{"line":1,"column":12434}},"365":{"start":{"line":1,"column":12443},"end":{"line":1,"column":12457}},"366":{"start":{"line":1,"column":12466},"end":{"line":1,"column":12474}},"367":{"start":{"line":1,"column":12483},"end":{"line":1,"column":12484}},"368":{"start":{"line":1,"column":12485},"end":{"line":1,"column":12495}},"369":{"start":{"line":1,"column":12506},"end":{"line":1,"column":12614}},"370":{"start":{"line":1,"column":12534},"end":{"line":1,"column":12613}},"371":{"start":{"line":1,"column":12560},"end":{"line":1,"column":12578}},"372":{"start":{"line":1,"column":12578},"end":{"line":1,"column":12596}},"373":{"start":{"line":1,"column":12604},"end":{"line":1,"column":12612}},"374":{"start":{"line":1,"column":12614},"end":{"line":1,"column":12621}},"375":{"start":{"line":1,"column":12621},"end":{"line":1,"column":12779}},"376":{"start":{"line":1,"column":12658},"end":{"line":1,"column":12663}},"377":{"start":{"line":1,"column":12673},"end":{"line":1,"column":12682}},"378":{"start":{"line":1,"column":12691},"end":{"line":1,"column":12697}},"379":{"start":{"line":1,"column":12698},"end":{"line":1,"column":12745}},"380":{"start":{"line":1,"column":12737},"end":{"line":1,"column":12744}},"381":{"start":{"line":1,"column":12745},"end":{"line":1,"column":12758}},"382":{"start":{"line":1,"column":12758},"end":{"line":1,"column":12771}},"383":{"start":{"line":1,"column":12771},"end":{"line":1,"column":12778}},"384":{"start":{"line":1,"column":12779},"end":{"line":1,"column":12797}},"385":{"start":{"line":1,"column":12806},"end":{"line":1,"column":12810}},"386":{"start":{"line":1,"column":12811},"end":{"line":1,"column":13366}},"387":{"start":{"line":1,"column":12836},"end":{"line":1,"column":12842}},"388":{"start":{"line":1,"column":12851},"end":{"line":1,"column":12867}},"389":{"start":{"line":1,"column":12877},"end":{"line":1,"column":12881}},"390":{"start":{"line":1,"column":12891},"end":{"line":1,"column":12905}},"391":{"start":{"line":1,"column":12914},"end":{"line":1,"column":12929}},"392":{"start":{"line":1,"column":12939},"end":{"line":1,"column":12949}},"393":{"start":{"line":1,"column":12956},"end":{"line":1,"column":13315}},"394":{"start":{"line":1,"column":13008},"end":{"line":1,"column":13042}},"395":{"start":{"line":1,"column":13017},"end":{"line":1,"column":13041}},"396":{"start":{"line":1,"column":13042},"end":{"line":1,"column":13059}},"397":{"start":{"line":1,"column":13068},"end":{"line":1,"column":13084}},"398":{"start":{"line":1,"column":13094},"end":{"line":1,"column":13118}},"399":{"start":{"line":1,"column":13119},"end":{"line":1,"column":13143}},"400":{"start":{"line":1,"column":13152},"end":{"line":1,"column":13165}},"401":{"start":{"line":1,"column":13166},"end":{"line":1,"column":13190}},"402":{"start":{"line":1,"column":13190},"end":{"line":1,"column":13209}},"403":{"start":{"line":1,"column":13209},"end":{"line":1,"column":13314}},"404":{"start":{"line":1,"column":13221},"end":{"line":1,"column":13277}},"405":{"start":{"line":1,"column":13277},"end":{"line":1,"column":13313}},"406":{"start":{"line":1,"column":13315},"end":{"line":1,"column":13321}},"407":{"start":{"line":1,"column":13321},"end":{"line":1,"column":13343}},"408":{"start":{"line":1,"column":13334},"end":{"line":1,"column":13342}},"409":{"start":{"line":1,"column":13343},"end":{"line":1,"column":13365}},"410":{"start":{"line":1,"column":13357},"end":{"line":1,"column":13364}},"411":{"start":{"line":1,"column":13375},"end":{"line":1,"column":13377}},"412":{"start":{"line":1,"column":13396},"end":{"line":1,"column":13567}},"413":{"start":{"line":1,"column":13439},"end":{"line":1,"column":13443}},"414":{"start":{"line":1,"column":13444},"end":{"line":1,"column":13566}},"415":{"start":{"line":1,"column":13471},"end":{"line":1,"column":13480}},"416":{"start":{"line":1,"column":13488},"end":{"line":1,"column":13565}},"417":{"start":{"line":1,"column":13509},"end":{"line":1,"column":13564}},"418":{"start":{"line":1,"column":13586},"end":{"line":1,"column":13677}},"419":{"start":{"line":1,"column":13620},"end":{"line":1,"column":13676}},"420":{"start":{"line":1,"column":13677},"end":{"line":1,"column":13689}},"421":{"start":{"line":1,"column":13690},"end":{"line":1,"column":13713}},"422":{"start":{"line":1,"column":13713},"end":{"line":1,"column":14183}},"423":{"start":{"line":1,"column":14183},"end":{"line":1,"column":14720}},"424":{"start":{"line":1,"column":14720},"end":{"line":1,"column":14760}},"425":{"start":{"line":1,"column":14760},"end":{"line":1,"column":14873}},"426":{"start":{"line":1,"column":14873},"end":{"line":1,"column":14921}},"427":{"start":{"line":1,"column":14921},"end":{"line":1,"column":15026}},"428":{"start":{"line":1,"column":15026},"end":{"line":1,"column":15080}},"429":{"start":{"line":1,"column":15080},"end":{"line":1,"column":15168}},"430":{"start":{"line":1,"column":15168},"end":{"line":1,"column":15275}},"431":{"start":{"line":1,"column":15275},"end":{"line":1,"column":15384}},"432":{"start":{"line":1,"column":15384},"end":{"line":1,"column":15479}},"433":{"start":{"line":1,"column":15479},"end":{"line":1,"column":15552}},"434":{"start":{"line":1,"column":15552},"end":{"line":1,"column":15697}},"435":{"start":{"line":1,"column":15697},"end":{"line":1,"column":15736}},"436":{"start":{"line":1,"column":15759},"end":{"line":1,"column":15774}},"437":{"start":{"line":1,"column":15775},"end":{"line":1,"column":15971}},"438":{"start":{"line":1,"column":15788},"end":{"line":1,"column":15803}},"439":{"start":{"line":1,"column":15812},"end":{"line":1,"column":15824}},"440":{"start":{"line":1,"column":15825},"end":{"line":1,"column":15842}},"441":{"start":{"line":1,"column":15842},"end":{"line":1,"column":15860}},"442":{"start":{"line":1,"column":15860},"end":{"line":1,"column":15874}},"443":{"start":{"line":1,"column":15874},"end":{"line":1,"column":15885}},"444":{"start":{"line":1,"column":15885},"end":{"line":1,"column":15890}},"445":{"start":{"line":1,"column":15903},"end":{"line":1,"column":15970}},"446":{"start":{"line":1,"column":15929},"end":{"line":1,"column":15969}},"447":{"start":{"line":1,"column":16001},"end":{"line":1,"column":16030}},"448":{"start":{"line":1,"column":16031},"end":{"line":1,"column":16047}},"449":{"start":{"line":1,"column":16047},"end":{"line":1,"column":16064}},"450":{"start":{"line":1,"column":16055},"end":{"line":1,"column":16063}},"451":{"start":{"line":1,"column":16072},"end":{"line":1,"column":16123}},"452":{"start":{"line":1,"column":16124},"end":{"line":1,"column":16129}},"453":{"start":{"line":1,"column":16129},"end":{"line":1,"column":16148}},"454":{"start":{"line":1,"column":16181},"end":{"line":1,"column":16222}},"455":{"start":{"line":1,"column":16232},"end":{"line":1,"column":16263}},"456":{"start":{"line":1,"column":16272},"end":{"line":1,"column":16274}},"457":{"start":{"line":1,"column":16275},"end":{"line":1,"column":16383}},"458":{"start":{"line":1,"column":16315},"end":{"line":1,"column":16382}},"459":{"start":{"line":1,"column":16363},"end":{"line":1,"column":16381}},"460":{"start":{"line":1,"column":16383},"end":{"line":1,"column":16393}},"461":{"start":{"line":1,"column":16401},"end":{"line":1,"column":16405}},"462":{"start":{"line":1,"column":16406},"end":{"line":1,"column":16467}},"463":{"start":{"line":1,"column":16419},"end":{"line":1,"column":16466}},"464":{"start":{"line":1,"column":16443},"end":{"line":1,"column":16462}},"465":{"start":{"line":1,"column":16475},"end":{"line":1,"column":16476}},"466":{"start":{"line":1,"column":16492},"end":{"line":1,"column":16524}},"467":{"start":{"line":1,"column":16534},"end":{"line":1,"column":16551}},"468":{"start":{"line":1,"column":16575},"end":{"line":1,"column":16635}},"469":{"start":{"line":1,"column":16636},"end":{"line":1,"column":17315}},"470":{"start":{"line":1,"column":16688},"end":{"line":1,"column":16692}},"471":{"start":{"line":1,"column":16702},"end":{"line":1,"column":16714}},"472":{"start":{"line":1,"column":16715},"end":{"line":1,"column":17314}},"473":{"start":{"line":1,"column":16761},"end":{"line":1,"column":16773}},"474":{"start":{"line":1,"column":16781},"end":{"line":1,"column":16861}},"475":{"start":{"line":1,"column":16832},"end":{"line":1,"column":16860}},"476":{"start":{"line":1,"column":16861},"end":{"line":1,"column":16882}},"477":{"start":{"line":1,"column":16870},"end":{"line":1,"column":16881}},"478":{"start":{"line":1,"column":16891},"end":{"line":1,"column":16896}},"479":{"start":{"line":1,"column":16897},"end":{"line":1,"column":17107}},"480":{"start":{"line":1,"column":16951},"end":{"line":1,"column":17106}},"481":{"start":{"line":1,"column":17089},"end":{"line":1,"column":17099}},"482":{"start":{"line":1,"column":17099},"end":{"line":1,"column":17105}},"483":{"start":{"line":1,"column":17107},"end":{"line":1,"column":17313}},"484":{"start":{"line":1,"column":17126},"end":{"line":1,"column":17171}},"485":{"start":{"line":1,"column":17172},"end":{"line":1,"column":17228}},"486":{"start":{"line":1,"column":17228},"end":{"line":1,"column":17248}},"487":{"start":{"line":1,"column":17237},"end":{"line":1,"column":17247}},"488":{"start":{"line":1,"column":17248},"end":{"line":1,"column":17307}},"489":{"start":{"line":1,"column":17307},"end":{"line":1,"column":17312}},"490":{"start":{"line":1,"column":17315},"end":{"line":1,"column":17377}},"491":{"start":{"line":1,"column":17334},"end":{"line":1,"column":17353}},"492":{"start":{"line":1,"column":17361},"end":{"line":1,"column":17376}},"493":{"start":{"line":1,"column":17370},"end":{"line":1,"column":17375}},"494":{"start":{"line":1,"column":17378},"end":{"line":1,"column":17382}},"495":{"start":{"line":1,"column":17383},"end":{"line":1,"column":17409}},"496":{"start":{"line":1,"column":17409},"end":{"line":1,"column":17432}},"497":{"start":{"line":1,"column":17432},"end":{"line":1,"column":17713}},"498":{"start":{"line":1,"column":17718},"end":{"line":1,"column":18513}},"499":{"start":{"line":1,"column":18513},"end":{"line":1,"column":19322}},"500":{"start":{"line":1,"column":19322},"end":{"line":1,"column":19471}},"501":{"start":{"line":1,"column":19471},"end":{"line":1,"column":19566}}},"fnMap":{"0":{"name":"(anonymous_0)","decl":{"start":{"line":1,"column":42},"end":{"line":1,"column":43}},"loc":{"start":{"line":1,"column":54},"end":{"line":1,"column":17714}}},"1":{"name":"k","decl":{"start":{"line":1,"column":2609},"end":{"line":1,"column":2610}},"loc":{"start":{"line":1,"column":2614},"end":{"line":1,"column":5959}}},"2":{"name":"ab","decl":{"start":{"line":1,"column":2925},"end":{"line":1,"column":2927}},"loc":{"start":{"line":1,"column":2932},"end":{"line":1,"column":3223}}},"3":{"name":"T","decl":{"start":{"line":1,"column":3232},"end":{"line":1,"column":3233}},"loc":{"start":{"line":1,"column":3238},"end":{"line":1,"column":3426}}},"4":{"name":"X","decl":{"start":{"line":1,"column":3435},"end":{"line":1,"column":3436}},"loc":{"start":{"line":1,"column":3441},"end":{"line":1,"column":4591}}},"5":{"name":"(anonymous_5)","decl":{"start":{"line":1,"column":4115},"end":{"line":1,"column":4116}},"loc":{"start":{"line":1,"column":4133},"end":{"line":1,"column":4173}}},"6":{"name":"W","decl":{"start":{"line":1,"column":4600},"end":{"line":1,"column":4601}},"loc":{"start":{"line":1,"column":4606},"end":{"line":1,"column":5752}}},"7":{"name":"(anonymous_7)","decl":{"start":{"line":1,"column":5626},"end":{"line":1,"column":5627}},"loc":{"start":{"line":1,"column":5640},"end":{"line":1,"column":5726}}},"8":{"name":"a","decl":{"start":{"line":1,"column":5968},"end":{"line":1,"column":5969}},"loc":{"start":{"line":1,"column":5973},"end":{"line":1,"column":6801}}},"9":{"name":"aa","decl":{"start":{"line":1,"column":6279},"end":{"line":1,"column":6281}},"loc":{"start":{"line":1,"column":6286},"end":{"line":1,"column":6731}}},"10":{"name":"B","decl":{"start":{"line":1,"column":6810},"end":{"line":1,"column":6811}},"loc":{"start":{"line":1,"column":6824},"end":{"line":1,"column":6917}}},"11":{"name":"o","decl":{"start":{"line":1,"column":6939},"end":{"line":1,"column":6940}},"loc":{"start":{"line":1,"column":6944},"end":{"line":1,"column":7133}}},"12":{"name":"g","decl":{"start":{"line":1,"column":7142},"end":{"line":1,"column":7143}},"loc":{"start":{"line":1,"column":7150},"end":{"line":1,"column":8485}}},"13":{"name":"(anonymous_13)","decl":{"start":{"line":1,"column":7169},"end":{"line":1,"column":7170}},"loc":{"start":{"line":1,"column":7181},"end":{"line":1,"column":7495}}},"14":{"name":"(anonymous_14)","decl":{"start":{"line":1,"column":7524},"end":{"line":1,"column":7525}},"loc":{"start":{"line":1,"column":7538},"end":{"line":1,"column":8474}}},"15":{"name":"i","decl":{"start":{"line":1,"column":8494},"end":{"line":1,"column":8495}},"loc":{"start":{"line":1,"column":8499},"end":{"line":1,"column":10359}}},"16":{"name":"Q","decl":{"start":{"line":1,"column":10482},"end":{"line":1,"column":10483}},"loc":{"start":{"line":1,"column":10491},"end":{"line":1,"column":12259}}},"17":{"name":"ae","decl":{"start":{"line":1,"column":10891},"end":{"line":1,"column":10893}},"loc":{"start":{"line":1,"column":10898},"end":{"line":1,"column":11446}}},"18":{"name":"ad","decl":{"start":{"line":1,"column":11455},"end":{"line":1,"column":11457}},"loc":{"start":{"line":1,"column":11462},"end":{"line":1,"column":11874}}},"19":{"name":"ai","decl":{"start":{"line":1,"column":11535},"end":{"line":1,"column":11537}},"loc":{"start":{"line":1,"column":11546},"end":{"line":1,"column":11764}}},"20":{"name":"D","decl":{"start":{"line":1,"column":12268},"end":{"line":1,"column":12269}},"loc":{"start":{"line":1,"column":12274},"end":{"line":1,"column":13367}}},"21":{"name":"c","decl":{"start":{"line":1,"column":13387},"end":{"line":1,"column":13388}},"loc":{"start":{"line":1,"column":13395},"end":{"line":1,"column":13568}}},"22":{"name":"q","decl":{"start":{"line":1,"column":13577},"end":{"line":1,"column":13578}},"loc":{"start":{"line":1,"column":13585},"end":{"line":1,"column":13690}}},"23":{"name":"d","decl":{"start":{"line":1,"column":15745},"end":{"line":1,"column":15746}},"loc":{"start":{"line":1,"column":15750},"end":{"line":1,"column":15972}}},"24":{"name":"y","decl":{"start":{"line":1,"column":15981},"end":{"line":1,"column":15982}},"loc":{"start":{"line":1,"column":15992},"end":{"line":1,"column":16149}}},"25":{"name":"b","decl":{"start":{"line":1,"column":16158},"end":{"line":1,"column":16159}},"loc":{"start":{"line":1,"column":16164},"end":{"line":1,"column":17383}}},"26":{"name":"Y","decl":{"start":{"line":1,"column":16174},"end":{"line":1,"column":16175}},"loc":{"start":{"line":1,"column":16180},"end":{"line":1,"column":16223}}},"27":{"name":"(anonymous_27)","decl":{"start":{"line":1,"column":16430},"end":{"line":1,"column":16431}},"loc":{"start":{"line":1,"column":16442},"end":{"line":1,"column":16463}}},"28":{"name":"U","decl":{"start":{"line":1,"column":16561},"end":{"line":1,"column":16562}},"loc":{"start":{"line":1,"column":16565},"end":{"line":1,"column":17378}}}},"branchMap":{"0":{"loc":{"start":{"line":1,"column":2712},"end":{"line":1,"column":2864}},"type":"if","locations":[{"start":{"line":1,"column":2712},"end":{"line":1,"column":2864}},{"start":{"line":1,"column":2712},"end":{"line":1,"column":2864}}]},"1":{"loc":{"start":{"line":1,"column":2750},"end":{"line":1,"column":2863}},"type":"if","locations":[{"start":{"line":1,"column":2750},"end":{"line":1,"column":2863}},{"start":{"line":1,"column":2750},"end":{"line":1,"column":2863}}]},"2":{"loc":{"start":{"line":1,"column":2959},"end":{"line":1,"column":2986}},"type":"if","locations":[{"start":{"line":1,"column":2959},"end":{"line":1,"column":2986}},{"start":{"line":1,"column":2959},"end":{"line":1,"column":2986}}]},"3":{"loc":{"start":{"line":1,"column":3019},"end":{"line":1,"column":3222}},"type":"if","locations":[{"start":{"line":1,"column":3019},"end":{"line":1,"column":3222}},{"start":{"line":1,"column":3019},"end":{"line":1,"column":3222}}]},"4":{"loc":{"start":{"line":1,"column":3046},"end":{"line":1,"column":3221}},"type":"if","locations":[{"start":{"line":1,"column":3046},"end":{"line":1,"column":3221}},{"start":{"line":1,"column":3046},"end":{"line":1,"column":3221}}]},"5":{"loc":{"start":{"line":1,"column":3050},"end":{"line":1,"column":3072}},"type":"binary-expr","locations":[{"start":{"line":1,"column":3050},"end":{"line":1,"column":3059}},{"start":{"line":1,"column":3063},"end":{"line":1,"column":3072}}]},"6":{"loc":{"start":{"line":1,"column":3119},"end":{"line":1,"column":3220}},"type":"if","locations":[{"start":{"line":1,"column":3119},"end":{"line":1,"column":3220}},{"start":{"line":1,"column":3119},"end":{"line":1,"column":3220}}]},"7":{"loc":{"start":{"line":1,"column":3123},"end":{"line":1,"column":3147}},"type":"binary-expr","locations":[{"start":{"line":1,"column":3123},"end":{"line":1,"column":3133}},{"start":{"line":1,"column":3137},"end":{"line":1,"column":3147}}]},"8":{"loc":{"start":{"line":1,"column":3239},"end":{"line":1,"column":3306}},"type":"if","locations":[{"start":{"line":1,"column":3239},"end":{"line":1,"column":3306}},{"start":{"line":1,"column":3239},"end":{"line":1,"column":3306}}]},"9":{"loc":{"start":{"line":1,"column":3261},"end":{"line":1,"column":3285}},"type":"cond-expr","locations":[{"start":{"line":1,"column":3271},"end":{"line":1,"column":3277}},{"start":{"line":1,"column":3280},"end":{"line":1,"column":3285}}]},"10":{"loc":{"start":{"line":1,"column":3339},"end":{"line":1,"column":3415}},"type":"if","locations":[{"start":{"line":1,"column":3339},"end":{"line":1,"column":3415}},{"start":{"line":1,"column":3339},"end":{"line":1,"column":3415}}]},"11":{"loc":{"start":{"line":1,"column":3343},"end":{"line":1,"column":3396}},"type":"binary-expr","locations":[{"start":{"line":1,"column":3343},"end":{"line":1,"column":3354}},{"start":{"line":1,"column":3358},"end":{"line":1,"column":3368}},{"start":{"line":1,"column":3372},"end":{"line":1,"column":3382}},{"start":{"line":1,"column":3386},"end":{"line":1,"column":3396}}]},"12":{"loc":{"start":{"line":1,"column":3728},"end":{"line":1,"column":4106}},"type":"if","locations":[{"start":{"line":1,"column":3728},"end":{"line":1,"column":4106}},{"start":{"line":1,"column":3728},"end":{"line":1,"column":4106}}]},"13":{"loc":{"start":{"line":1,"column":3798},"end":{"line":1,"column":3883}},"type":"if","locations":[{"start":{"line":1,"column":3798},"end":{"line":1,"column":3883}},{"start":{"line":1,"column":3798},"end":{"line":1,"column":3883}}]},"14":{"loc":{"start":{"line":1,"column":3802},"end":{"line":1,"column":3835}},"type":"binary-expr","locations":[{"start":{"line":1,"column":3802},"end":{"line":1,"column":3813}},{"start":{"line":1,"column":3817},"end":{"line":1,"column":3835}}]},"15":{"loc":{"start":{"line":1,"column":3901},"end":{"line":1,"column":4105}},"type":"if","locations":[{"start":{"line":1,"column":3901},"end":{"line":1,"column":4105}},{"start":{"line":1,"column":3901},"end":{"line":1,"column":4105}}]},"16":{"loc":{"start":{"line":1,"column":3907},"end":{"line":1,"column":3926}},"type":"binary-expr","locations":[{"start":{"line":1,"column":3907},"end":{"line":1,"column":3914}},{"start":{"line":1,"column":3918},"end":{"line":1,"column":3926}}]},"17":{"loc":{"start":{"line":1,"column":3930},"end":{"line":1,"column":4015}},"type":"if","locations":[{"start":{"line":1,"column":3930},"end":{"line":1,"column":4015}},{"start":{"line":1,"column":3930},"end":{"line":1,"column":4015}}]},"18":{"loc":{"start":{"line":1,"column":3936},"end":{"line":1,"column":3954}},"type":"binary-expr","locations":[{"start":{"line":1,"column":3936},"end":{"line":1,"column":3943}},{"start":{"line":1,"column":3947},"end":{"line":1,"column":3954}}]},"19":{"loc":{"start":{"line":1,"column":4015},"end":{"line":1,"column":4104}},"type":"if","locations":[{"start":{"line":1,"column":4015},"end":{"line":1,"column":4104}},{"start":{"line":1,"column":4015},"end":{"line":1,"column":4104}}]},"20":{"loc":{"start":{"line":1,"column":4021},"end":{"line":1,"column":4040}},"type":"binary-expr","locations":[{"start":{"line":1,"column":4021},"end":{"line":1,"column":4028}},{"start":{"line":1,"column":4032},"end":{"line":1,"column":4040}}]},"21":{"loc":{"start":{"line":1,"column":4141},"end":{"line":1,"column":4171}},"type":"binary-expr","locations":[{"start":{"line":1,"column":4141},"end":{"line":1,"column":4154}},{"start":{"line":1,"column":4158},"end":{"line":1,"column":4171}}]},"22":{"loc":{"start":{"line":1,"column":4263},"end":{"line":1,"column":4345}},"type":"if","locations":[{"start":{"line":1,"column":4263},"end":{"line":1,"column":4345}},{"start":{"line":1,"column":4263},"end":{"line":1,"column":4345}}]},"23":{"loc":{"start":{"line":1,"column":4361},"end":{"line":1,"column":4384}},"type":"if","locations":[{"start":{"line":1,"column":4361},"end":{"line":1,"column":4384}},{"start":{"line":1,"column":4361},"end":{"line":1,"column":4384}}]},"24":{"loc":{"start":{"line":1,"column":4480},"end":{"line":1,"column":4557}},"type":"if","locations":[{"start":{"line":1,"column":4480},"end":{"line":1,"column":4557}},{"start":{"line":1,"column":4480},"end":{"line":1,"column":4557}}]},"25":{"loc":{"start":{"line":1,"column":4500},"end":{"line":1,"column":4538}},"type":"if","locations":[{"start":{"line":1,"column":4500},"end":{"line":1,"column":4538}},{"start":{"line":1,"column":4500},"end":{"line":1,"column":4538}}]},"26":{"loc":{"start":{"line":1,"column":4894},"end":{"line":1,"column":5014}},"type":"if","locations":[{"start":{"line":1,"column":4894},"end":{"line":1,"column":5014}},{"start":{"line":1,"column":4894},"end":{"line":1,"column":5014}}]},"27":{"loc":{"start":{"line":1,"column":4924},"end":{"line":1,"column":5013}},"type":"if","locations":[{"start":{"line":1,"column":4924},"end":{"line":1,"column":5013}},{"start":{"line":1,"column":4924},"end":{"line":1,"column":5013}}]},"28":{"loc":{"start":{"line":1,"column":4978},"end":{"line":1,"column":5012}},"type":"if","locations":[{"start":{"line":1,"column":4978},"end":{"line":1,"column":5012}},{"start":{"line":1,"column":4978},"end":{"line":1,"column":5012}}]},"29":{"loc":{"start":{"line":1,"column":4982},"end":{"line":1,"column":4996}},"type":"binary-expr","locations":[{"start":{"line":1,"column":4982},"end":{"line":1,"column":4984}},{"start":{"line":1,"column":4988},"end":{"line":1,"column":4996}}]},"30":{"loc":{"start":{"line":1,"column":5055},"end":{"line":1,"column":5090}},"type":"if","locations":[{"start":{"line":1,"column":5055},"end":{"line":1,"column":5090}},{"start":{"line":1,"column":5055},"end":{"line":1,"column":5090}}]},"31":{"loc":{"start":{"line":1,"column":5148},"end":{"line":1,"column":5322}},"type":"if","locations":[{"start":{"line":1,"column":5148},"end":{"line":1,"column":5322}},{"start":{"line":1,"column":5148},"end":{"line":1,"column":5322}}]},"32":{"loc":{"start":{"line":1,"column":5170},"end":{"line":1,"column":5213}},"type":"if","locations":[{"start":{"line":1,"column":5170},"end":{"line":1,"column":5213}},{"start":{"line":1,"column":5170},"end":{"line":1,"column":5213}}]},"33":{"loc":{"start":{"line":1,"column":5221},"end":{"line":1,"column":5321}},"type":"if","locations":[{"start":{"line":1,"column":5221},"end":{"line":1,"column":5321}},{"start":{"line":1,"column":5221},"end":{"line":1,"column":5321}}]},"34":{"loc":{"start":{"line":1,"column":5275},"end":{"line":1,"column":5320}},"type":"if","locations":[{"start":{"line":1,"column":5275},"end":{"line":1,"column":5320}},{"start":{"line":1,"column":5275},"end":{"line":1,"column":5320}}]},"35":{"loc":{"start":{"line":1,"column":5279},"end":{"line":1,"column":5293}},"type":"binary-expr","locations":[{"start":{"line":1,"column":5279},"end":{"line":1,"column":5281}},{"start":{"line":1,"column":5285},"end":{"line":1,"column":5293}}]},"36":{"loc":{"start":{"line":1,"column":5364},"end":{"line":1,"column":5420}},"type":"if","locations":[{"start":{"line":1,"column":5364},"end":{"line":1,"column":5420}},{"start":{"line":1,"column":5364},"end":{"line":1,"column":5420}}]},"37":{"loc":{"start":{"line":1,"column":5368},"end":{"line":1,"column":5404}},"type":"binary-expr","locations":[{"start":{"line":1,"column":5368},"end":{"line":1,"column":5382}},{"start":{"line":1,"column":5386},"end":{"line":1,"column":5404}}]},"38":{"loc":{"start":{"line":1,"column":5421},"end":{"line":1,"column":5732}},"type":"if","locations":[{"start":{"line":1,"column":5421},"end":{"line":1,"column":5732}},{"start":{"line":1,"column":5421},"end":{"line":1,"column":5732}}]},"39":{"loc":{"start":{"line":1,"column":5425},"end":{"line":1,"column":5443}},"type":"binary-expr","locations":[{"start":{"line":1,"column":5425},"end":{"line":1,"column":5438}},{"start":{"line":1,"column":5442},"end":{"line":1,"column":5443}}]},"40":{"loc":{"start":{"line":1,"column":5517},"end":{"line":1,"column":5730}},"type":"if","locations":[{"start":{"line":1,"column":5517},"end":{"line":1,"column":5730}},{"start":{"line":1,"column":5517},"end":{"line":1,"column":5730}}]},"41":{"loc":{"start":{"line":1,"column":5521},"end":{"line":1,"column":5549}},"type":"binary-expr","locations":[{"start":{"line":1,"column":5521},"end":{"line":1,"column":5535}},{"start":{"line":1,"column":5539},"end":{"line":1,"column":5549}}]},"42":{"loc":{"start":{"line":1,"column":5575},"end":{"line":1,"column":5729}},"type":"if","locations":[{"start":{"line":1,"column":5575},"end":{"line":1,"column":5729}},{"start":{"line":1,"column":5575},"end":{"line":1,"column":5729}}]},"43":{"loc":{"start":{"line":1,"column":5821},"end":{"line":1,"column":5879}},"type":"if","locations":[{"start":{"line":1,"column":5821},"end":{"line":1,"column":5879}},{"start":{"line":1,"column":5821},"end":{"line":1,"column":5879}}]},"44":{"loc":{"start":{"line":1,"column":5825},"end":{"line":1,"column":5850}},"type":"binary-expr","locations":[{"start":{"line":1,"column":5825},"end":{"line":1,"column":5834}},{"start":{"line":1,"column":5838},"end":{"line":1,"column":5850}}]},"45":{"loc":{"start":{"line":1,"column":5941},"end":{"line":1,"column":5956}},"type":"cond-expr","locations":[{"start":{"line":1,"column":5946},"end":{"line":1,"column":5950}},{"start":{"line":1,"column":5953},"end":{"line":1,"column":5956}}]},"46":{"loc":{"start":{"line":1,"column":6055},"end":{"line":1,"column":6229}},"type":"if","locations":[{"start":{"line":1,"column":6055},"end":{"line":1,"column":6229}},{"start":{"line":1,"column":6055},"end":{"line":1,"column":6229}}]},"47":{"loc":{"start":{"line":1,"column":6114},"end":{"line":1,"column":6228}},"type":"if","locations":[{"start":{"line":1,"column":6114},"end":{"line":1,"column":6228}},{"start":{"line":1,"column":6114},"end":{"line":1,"column":6228}}]},"48":{"loc":{"start":{"line":1,"column":6237},"end":{"line":1,"column":6269}},"type":"binary-expr","locations":[{"start":{"line":1,"column":6237},"end":{"line":1,"column":6238}},{"start":{"line":1,"column":6242},"end":{"line":1,"column":6269}}]},"49":{"loc":{"start":{"line":1,"column":6287},"end":{"line":1,"column":6730}},"type":"switch","locations":[{"start":{"line":1,"column":6309},"end":{"line":1,"column":6524}},{"start":{"line":1,"column":6524},"end":{"line":1,"column":6531}},{"start":{"line":1,"column":6531},"end":{"line":1,"column":6729}}]},"50":{"loc":{"start":{"line":1,"column":6316},"end":{"line":1,"column":6351}},"type":"if","locations":[{"start":{"line":1,"column":6316},"end":{"line":1,"column":6351}},{"start":{"line":1,"column":6316},"end":{"line":1,"column":6351}}]},"51":{"loc":{"start":{"line":1,"column":6435},"end":{"line":1,"column":6518}},"type":"if","locations":[{"start":{"line":1,"column":6435},"end":{"line":1,"column":6518}},{"start":{"line":1,"column":6435},"end":{"line":1,"column":6518}}]},"52":{"loc":{"start":{"line":1,"column":6439},"end":{"line":1,"column":6465}},"type":"binary-expr","locations":[{"start":{"line":1,"column":6439},"end":{"line":1,"column":6450}},{"start":{"line":1,"column":6454},"end":{"line":1,"column":6465}}]},"53":{"loc":{"start":{"line":1,"column":6560},"end":{"line":1,"column":6723}},"type":"if","locations":[{"start":{"line":1,"column":6560},"end":{"line":1,"column":6723}},{"start":{"line":1,"column":6560},"end":{"line":1,"column":6723}}]},"54":{"loc":{"start":{"line":1,"column":6576},"end":{"line":1,"column":6662}},"type":"if","locations":[{"start":{"line":1,"column":6576},"end":{"line":1,"column":6662}},{"start":{"line":1,"column":6576},"end":{"line":1,"column":6662}}]},"55":{"loc":{"start":{"line":1,"column":6825},"end":{"line":1,"column":6842}},"type":"if","locations":[{"start":{"line":1,"column":6825},"end":{"line":1,"column":6842}},{"start":{"line":1,"column":6825},"end":{"line":1,"column":6842}}]},"56":{"loc":{"start":{"line":1,"column":7036},"end":{"line":1,"column":7099}},"type":"cond-expr","locations":[{"start":{"line":1,"column":7046},"end":{"line":1,"column":7055}},{"start":{"line":1,"column":7058},"end":{"line":1,"column":7099}}]},"57":{"loc":{"start":{"line":1,"column":7046},"end":{"line":1,"column":7055}},"type":"cond-expr","locations":[{"start":{"line":1,"column":7050},"end":{"line":1,"column":7051}},{"start":{"line":1,"column":7054},"end":{"line":1,"column":7055}}]},"58":{"loc":{"start":{"line":1,"column":7058},"end":{"line":1,"column":7099}},"type":"cond-expr","locations":[{"start":{"line":1,"column":7068},"end":{"line":1,"column":7095}},{"start":{"line":1,"column":7098},"end":{"line":1,"column":7099}}]},"59":{"loc":{"start":{"line":1,"column":7068},"end":{"line":1,"column":7095}},"type":"cond-expr","locations":[{"start":{"line":1,"column":7090},"end":{"line":1,"column":7091}},{"start":{"line":1,"column":7094},"end":{"line":1,"column":7095}}]},"60":{"loc":{"start":{"line":1,"column":7108},"end":{"line":1,"column":7131}},"type":"cond-expr","locations":[{"start":{"line":1,"column":7118},"end":{"line":1,"column":7127}},{"start":{"line":1,"column":7130},"end":{"line":1,"column":7131}}]},"61":{"loc":{"start":{"line":1,"column":7303},"end":{"line":1,"column":7373}},"type":"if","locations":[{"start":{"line":1,"column":7303},"end":{"line":1,"column":7373}},{"start":{"line":1,"column":7303},"end":{"line":1,"column":7373}}]},"62":{"loc":{"start":{"line":1,"column":7404},"end":{"line":1,"column":7460}},"type":"if","locations":[{"start":{"line":1,"column":7404},"end":{"line":1,"column":7460}},{"start":{"line":1,"column":7404},"end":{"line":1,"column":7460}}]},"63":{"loc":{"start":{"line":1,"column":7612},"end":{"line":1,"column":7628}},"type":"binary-expr","locations":[{"start":{"line":1,"column":7612},"end":{"line":1,"column":7622}},{"start":{"line":1,"column":7626},"end":{"line":1,"column":7628}}]},"64":{"loc":{"start":{"line":1,"column":7745},"end":{"line":1,"column":8122}},"type":"if","locations":[{"start":{"line":1,"column":7745},"end":{"line":1,"column":8122}},{"start":{"line":1,"column":7745},"end":{"line":1,"column":8122}}]},"65":{"loc":{"start":{"line":1,"column":7818},"end":{"line":1,"column":7978}},"type":"if","locations":[{"start":{"line":1,"column":7818},"end":{"line":1,"column":7978}},{"start":{"line":1,"column":7818},"end":{"line":1,"column":7978}}]},"66":{"loc":{"start":{"line":1,"column":7931},"end":{"line":1,"column":7958}},"type":"if","locations":[{"start":{"line":1,"column":7931},"end":{"line":1,"column":7958}},{"start":{"line":1,"column":7931},"end":{"line":1,"column":7958}}]},"67":{"loc":{"start":{"line":1,"column":7959},"end":{"line":1,"column":7977}},"type":"if","locations":[{"start":{"line":1,"column":7959},"end":{"line":1,"column":7977}},{"start":{"line":1,"column":7959},"end":{"line":1,"column":7977}}]},"68":{"loc":{"start":{"line":1,"column":7983},"end":{"line":1,"column":8031}},"type":"binary-expr","locations":[{"start":{"line":1,"column":7983},"end":{"line":1,"column":7997}},{"start":{"line":1,"column":8001},"end":{"line":1,"column":8031}}]},"69":{"loc":{"start":{"line":1,"column":8032},"end":{"line":1,"column":8098}},"type":"if","locations":[{"start":{"line":1,"column":8032},"end":{"line":1,"column":8098}},{"start":{"line":1,"column":8032},"end":{"line":1,"column":8098}}]},"70":{"loc":{"start":{"line":1,"column":8036},"end":{"line":1,"column":8076}},"type":"binary-expr","locations":[{"start":{"line":1,"column":8036},"end":{"line":1,"column":8038}},{"start":{"line":1,"column":8042},"end":{"line":1,"column":8076}}]},"71":{"loc":{"start":{"line":1,"column":8044},"end":{"line":1,"column":8075}},"type":"binary-expr","locations":[{"start":{"line":1,"column":8044},"end":{"line":1,"column":8046}},{"start":{"line":1,"column":8050},"end":{"line":1,"column":8075}}]},"72":{"loc":{"start":{"line":1,"column":8098},"end":{"line":1,"column":8121}},"type":"if","locations":[{"start":{"line":1,"column":8098},"end":{"line":1,"column":8121}},{"start":{"line":1,"column":8098},"end":{"line":1,"column":8121}}]},"73":{"loc":{"start":{"line":1,"column":8150},"end":{"line":1,"column":8452}},"type":"if","locations":[{"start":{"line":1,"column":8150},"end":{"line":1,"column":8452}},{"start":{"line":1,"column":8150},"end":{"line":1,"column":8452}}]},"74":{"loc":{"start":{"line":1,"column":8251},"end":{"line":1,"column":8314}},"type":"if","locations":[{"start":{"line":1,"column":8251},"end":{"line":1,"column":8314}},{"start":{"line":1,"column":8251},"end":{"line":1,"column":8314}}]},"75":{"loc":{"start":{"line":1,"column":8518},"end":{"line":1,"column":9025}},"type":"if","locations":[{"start":{"line":1,"column":8518},"end":{"line":1,"column":9025}},{"start":{"line":1,"column":8518},"end":{"line":1,"column":9025}}]},"76":{"loc":{"start":{"line":1,"column":8765},"end":{"line":1,"column":9024}},"type":"if","locations":[{"start":{"line":1,"column":8765},"end":{"line":1,"column":9024}},{"start":{"line":1,"column":8765},"end":{"line":1,"column":9024}}]},"77":{"loc":{"start":{"line":1,"column":9025},"end":{"line":1,"column":9099}},"type":"if","locations":[{"start":{"line":1,"column":9025},"end":{"line":1,"column":9099}},{"start":{"line":1,"column":9025},"end":{"line":1,"column":9099}}]},"78":{"loc":{"start":{"line":1,"column":9122},"end":{"line":1,"column":9498}},"type":"if","locations":[{"start":{"line":1,"column":9122},"end":{"line":1,"column":9498}},{"start":{"line":1,"column":9122},"end":{"line":1,"column":9498}}]},"79":{"loc":{"start":{"line":1,"column":9130},"end":{"line":1,"column":9497}},"type":"if","locations":[{"start":{"line":1,"column":9130},"end":{"line":1,"column":9497}},{"start":{"line":1,"column":9130},"end":{"line":1,"column":9497}}]},"80":{"loc":{"start":{"line":1,"column":9153},"end":{"line":1,"column":9361}},"type":"if","locations":[{"start":{"line":1,"column":9153},"end":{"line":1,"column":9361}},{"start":{"line":1,"column":9153},"end":{"line":1,"column":9361}}]},"81":{"loc":{"start":{"line":1,"column":9498},"end":{"line":1,"column":9602}},"type":"if","locations":[{"start":{"line":1,"column":9498},"end":{"line":1,"column":9602}},{"start":{"line":1,"column":9498},"end":{"line":1,"column":9602}}]},"82":{"loc":{"start":{"line":1,"column":9602},"end":{"line":1,"column":9789}},"type":"if","locations":[{"start":{"line":1,"column":9602},"end":{"line":1,"column":9789}},{"start":{"line":1,"column":9602},"end":{"line":1,"column":9789}}]},"83":{"loc":{"start":{"line":1,"column":9805},"end":{"line":1,"column":9829}},"type":"if","locations":[{"start":{"line":1,"column":9805},"end":{"line":1,"column":9829}},{"start":{"line":1,"column":9805},"end":{"line":1,"column":9829}}]},"84":{"loc":{"start":{"line":1,"column":9877},"end":{"line":1,"column":9968}},"type":"if","locations":[{"start":{"line":1,"column":9877},"end":{"line":1,"column":9968}},{"start":{"line":1,"column":9877},"end":{"line":1,"column":9968}}]},"85":{"loc":{"start":{"line":1,"column":10576},"end":{"line":1,"column":10744}},"type":"if","locations":[{"start":{"line":1,"column":10576},"end":{"line":1,"column":10744}},{"start":{"line":1,"column":10576},"end":{"line":1,"column":10744}}]},"86":{"loc":{"start":{"line":1,"column":10635},"end":{"line":1,"column":10743}},"type":"if","locations":[{"start":{"line":1,"column":10635},"end":{"line":1,"column":10743}},{"start":{"line":1,"column":10635},"end":{"line":1,"column":10743}}]},"87":{"loc":{"start":{"line":1,"column":10752},"end":{"line":1,"column":10784}},"type":"binary-expr","locations":[{"start":{"line":1,"column":10752},"end":{"line":1,"column":10753}},{"start":{"line":1,"column":10757},"end":{"line":1,"column":10784}}]},"88":{"loc":{"start":{"line":1,"column":10899},"end":{"line":1,"column":11445}},"type":"switch","locations":[{"start":{"line":1,"column":10921},"end":{"line":1,"column":11125}},{"start":{"line":1,"column":11125},"end":{"line":1,"column":11132}},{"start":{"line":1,"column":11132},"end":{"line":1,"column":11444}}]},"89":{"loc":{"start":{"line":1,"column":10928},"end":{"line":1,"column":10962}},"type":"if","locations":[{"start":{"line":1,"column":10928},"end":{"line":1,"column":10962}},{"start":{"line":1,"column":10928},"end":{"line":1,"column":10962}}]},"90":{"loc":{"start":{"line":1,"column":10962},"end":{"line":1,"column":11119}},"type":"if","locations":[{"start":{"line":1,"column":10962},"end":{"line":1,"column":11119}},{"start":{"line":1,"column":10962},"end":{"line":1,"column":11119}}]},"91":{"loc":{"start":{"line":1,"column":10996},"end":{"line":1,"column":11047}},"type":"if","locations":[{"start":{"line":1,"column":10996},"end":{"line":1,"column":11047}},{"start":{"line":1,"column":10996},"end":{"line":1,"column":11047}}]},"92":{"loc":{"start":{"line":1,"column":11139},"end":{"line":1,"column":11438}},"type":"if","locations":[{"start":{"line":1,"column":11139},"end":{"line":1,"column":11438}},{"start":{"line":1,"column":11139},"end":{"line":1,"column":11438}}]},"93":{"loc":{"start":{"line":1,"column":11191},"end":{"line":1,"column":11437}},"type":"if","locations":[{"start":{"line":1,"column":11191},"end":{"line":1,"column":11437}},{"start":{"line":1,"column":11191},"end":{"line":1,"column":11437}}]},"94":{"loc":{"start":{"line":1,"column":11300},"end":{"line":1,"column":11388}},"type":"if","locations":[{"start":{"line":1,"column":11300},"end":{"line":1,"column":11388}},{"start":{"line":1,"column":11300},"end":{"line":1,"column":11388}}]},"95":{"loc":{"start":{"line":1,"column":11395},"end":{"line":1,"column":11436}},"type":"if","locations":[{"start":{"line":1,"column":11395},"end":{"line":1,"column":11436}},{"start":{"line":1,"column":11395},"end":{"line":1,"column":11436}}]},"96":{"loc":{"start":{"line":1,"column":11507},"end":{"line":1,"column":11525}},"type":"if","locations":[{"start":{"line":1,"column":11507},"end":{"line":1,"column":11525}},{"start":{"line":1,"column":11507},"end":{"line":1,"column":11525}}]},"97":{"loc":{"start":{"line":1,"column":11556},"end":{"line":1,"column":11585}},"type":"cond-expr","locations":[{"start":{"line":1,"column":11561},"end":{"line":1,"column":11580}},{"start":{"line":1,"column":11583},"end":{"line":1,"column":11585}}]},"98":{"loc":{"start":{"line":1,"column":11609},"end":{"line":1,"column":11753}},"type":"if","locations":[{"start":{"line":1,"column":11609},"end":{"line":1,"column":11753}},{"start":{"line":1,"column":11609},"end":{"line":1,"column":11753}}]},"99":{"loc":{"start":{"line":1,"column":11808},"end":{"line":1,"column":11849}},"type":"binary-expr","locations":[{"start":{"line":1,"column":11809},"end":{"line":1,"column":11827}},{"start":{"line":1,"column":11832},"end":{"line":1,"column":11849}}]},"100":{"loc":{"start":{"line":1,"column":11920},"end":{"line":1,"column":11974}},"type":"if","locations":[{"start":{"line":1,"column":11920},"end":{"line":1,"column":11974}},{"start":{"line":1,"column":11920},"end":{"line":1,"column":11974}}]},"101":{"loc":{"start":{"line":1,"column":12040},"end":{"line":1,"column":12068}},"type":"binary-expr","locations":[{"start":{"line":1,"column":12040},"end":{"line":1,"column":12063}},{"start":{"line":1,"column":12067},"end":{"line":1,"column":12068}}]},"102":{"loc":{"start":{"line":1,"column":12156},"end":{"line":1,"column":12220}},"type":"if","locations":[{"start":{"line":1,"column":12156},"end":{"line":1,"column":12220}},{"start":{"line":1,"column":12156},"end":{"line":1,"column":12220}}]},"103":{"loc":{"start":{"line":1,"column":12534},"end":{"line":1,"column":12613}},"type":"if","locations":[{"start":{"line":1,"column":12534},"end":{"line":1,"column":12613}},{"start":{"line":1,"column":12534},"end":{"line":1,"column":12613}}]},"104":{"loc":{"start":{"line":1,"column":12705},"end":{"line":1,"column":12734}},"type":"binary-expr","locations":[{"start":{"line":1,"column":12705},"end":{"line":1,"column":12715}},{"start":{"line":1,"column":12719},"end":{"line":1,"column":12734}}]},"105":{"loc":{"start":{"line":1,"column":12851},"end":{"line":1,"column":12867}},"type":"binary-expr","locations":[{"start":{"line":1,"column":12851},"end":{"line":1,"column":12861}},{"start":{"line":1,"column":12865},"end":{"line":1,"column":12867}}]},"106":{"loc":{"start":{"line":1,"column":12891},"end":{"line":1,"column":12905}},"type":"binary-expr","locations":[{"start":{"line":1,"column":12891},"end":{"line":1,"column":12899}},{"start":{"line":1,"column":12903},"end":{"line":1,"column":12905}}]},"107":{"loc":{"start":{"line":1,"column":12956},"end":{"line":1,"column":13315}},"type":"if","locations":[{"start":{"line":1,"column":12956},"end":{"line":1,"column":13315}},{"start":{"line":1,"column":12956},"end":{"line":1,"column":13315}}]},"108":{"loc":{"start":{"line":1,"column":12960},"end":{"line":1,"column":13005}},"type":"binary-expr","locations":[{"start":{"line":1,"column":12960},"end":{"line":1,"column":12977}},{"start":{"line":1,"column":12982},"end":{"line":1,"column":13004}}]},"109":{"loc":{"start":{"line":1,"column":13008},"end":{"line":1,"column":13042}},"type":"if","locations":[{"start":{"line":1,"column":13008},"end":{"line":1,"column":13042}},{"start":{"line":1,"column":13008},"end":{"line":1,"column":13042}}]},"110":{"loc":{"start":{"line":1,"column":13209},"end":{"line":1,"column":13314}},"type":"if","locations":[{"start":{"line":1,"column":13209},"end":{"line":1,"column":13314}},{"start":{"line":1,"column":13209},"end":{"line":1,"column":13314}}]},"111":{"loc":{"start":{"line":1,"column":13321},"end":{"line":1,"column":13343}},"type":"if","locations":[{"start":{"line":1,"column":13321},"end":{"line":1,"column":13343}},{"start":{"line":1,"column":13321},"end":{"line":1,"column":13343}}]},"112":{"loc":{"start":{"line":1,"column":13343},"end":{"line":1,"column":13365}},"type":"if","locations":[{"start":{"line":1,"column":13343},"end":{"line":1,"column":13365}},{"start":{"line":1,"column":13343},"end":{"line":1,"column":13365}}]},"113":{"loc":{"start":{"line":1,"column":13444},"end":{"line":1,"column":13566}},"type":"if","locations":[{"start":{"line":1,"column":13444},"end":{"line":1,"column":13566}},{"start":{"line":1,"column":13444},"end":{"line":1,"column":13566}}]},"114":{"loc":{"start":{"line":1,"column":13488},"end":{"line":1,"column":13565}},"type":"if","locations":[{"start":{"line":1,"column":13488},"end":{"line":1,"column":13565}},{"start":{"line":1,"column":13488},"end":{"line":1,"column":13565}}]},"115":{"loc":{"start":{"line":1,"column":13586},"end":{"line":1,"column":13677}},"type":"if","locations":[{"start":{"line":1,"column":13586},"end":{"line":1,"column":13677}},{"start":{"line":1,"column":13586},"end":{"line":1,"column":13677}}]},"116":{"loc":{"start":{"line":1,"column":13592},"end":{"line":1,"column":13616}},"type":"binary-expr","locations":[{"start":{"line":1,"column":13592},"end":{"line":1,"column":13593}},{"start":{"line":1,"column":13597},"end":{"line":1,"column":13616}}]},"117":{"loc":{"start":{"line":1,"column":13624},"end":{"line":1,"column":13675}},"type":"cond-expr","locations":[{"start":{"line":1,"column":13642},"end":{"line":1,"column":13658}},{"start":{"line":1,"column":13661},"end":{"line":1,"column":13675}}]},"118":{"loc":{"start":{"line":1,"column":15903},"end":{"line":1,"column":15970}},"type":"if","locations":[{"start":{"line":1,"column":15903},"end":{"line":1,"column":15970}},{"start":{"line":1,"column":15903},"end":{"line":1,"column":15970}}]},"119":{"loc":{"start":{"line":1,"column":15941},"end":{"line":1,"column":15967}},"type":"cond-expr","locations":[{"start":{"line":1,"column":15956},"end":{"line":1,"column":15963}},{"start":{"line":1,"column":15966},"end":{"line":1,"column":15967}}]},"120":{"loc":{"start":{"line":1,"column":15941},"end":{"line":1,"column":15953}},"type":"binary-expr","locations":[{"start":{"line":1,"column":15941},"end":{"line":1,"column":15942}},{"start":{"line":1,"column":15946},"end":{"line":1,"column":15953}}]},"121":{"loc":{"start":{"line":1,"column":16047},"end":{"line":1,"column":16064}},"type":"if","locations":[{"start":{"line":1,"column":16047},"end":{"line":1,"column":16064}},{"start":{"line":1,"column":16047},"end":{"line":1,"column":16064}}]},"122":{"loc":{"start":{"line":1,"column":16406},"end":{"line":1,"column":16467}},"type":"if","locations":[{"start":{"line":1,"column":16406},"end":{"line":1,"column":16467}},{"start":{"line":1,"column":16406},"end":{"line":1,"column":16467}}]},"123":{"loc":{"start":{"line":1,"column":16575},"end":{"line":1,"column":16635}},"type":"cond-expr","locations":[{"start":{"line":1,"column":16611},"end":{"line":1,"column":16624}},{"start":{"line":1,"column":16627},"end":{"line":1,"column":16635}}]},"124":{"loc":{"start":{"line":1,"column":16643},"end":{"line":1,"column":16671}},"type":"binary-expr","locations":[{"start":{"line":1,"column":16643},"end":{"line":1,"column":16655}},{"start":{"line":1,"column":16659},"end":{"line":1,"column":16671}}]},"125":{"loc":{"start":{"line":1,"column":16715},"end":{"line":1,"column":17314}},"type":"if","locations":[{"start":{"line":1,"column":16715},"end":{"line":1,"column":17314}},{"start":{"line":1,"column":16715},"end":{"line":1,"column":17314}}]},"126":{"loc":{"start":{"line":1,"column":16781},"end":{"line":1,"column":16861}},"type":"if","locations":[{"start":{"line":1,"column":16781},"end":{"line":1,"column":16861}},{"start":{"line":1,"column":16781},"end":{"line":1,"column":16861}}]},"127":{"loc":{"start":{"line":1,"column":16785},"end":{"line":1,"column":16829}},"type":"binary-expr","locations":[{"start":{"line":1,"column":16785},"end":{"line":1,"column":16788}},{"start":{"line":1,"column":16793},"end":{"line":1,"column":16803}},{"start":{"line":1,"column":16808},"end":{"line":1,"column":16829}}]},"128":{"loc":{"start":{"line":1,"column":16861},"end":{"line":1,"column":16882}},"type":"if","locations":[{"start":{"line":1,"column":16861},"end":{"line":1,"column":16882}},{"start":{"line":1,"column":16861},"end":{"line":1,"column":16882}}]},"129":{"loc":{"start":{"line":1,"column":16951},"end":{"line":1,"column":17106}},"type":"if","locations":[{"start":{"line":1,"column":16951},"end":{"line":1,"column":17106}},{"start":{"line":1,"column":16951},"end":{"line":1,"column":17106}}]},"130":{"loc":{"start":{"line":1,"column":16955},"end":{"line":1,"column":17086}},"type":"binary-expr","locations":[{"start":{"line":1,"column":16956},"end":{"line":1,"column":16976}},{"start":{"line":1,"column":16980},"end":{"line":1,"column":17001}},{"start":{"line":1,"column":17005},"end":{"line":1,"column":17025}},{"start":{"line":1,"column":17030},"end":{"line":1,"column":17042}},{"start":{"line":1,"column":17046},"end":{"line":1,"column":17086}}]},"131":{"loc":{"start":{"line":1,"column":17107},"end":{"line":1,"column":17313}},"type":"if","locations":[{"start":{"line":1,"column":17107},"end":{"line":1,"column":17313}},{"start":{"line":1,"column":17107},"end":{"line":1,"column":17313}}]},"132":{"loc":{"start":{"line":1,"column":17177},"end":{"line":1,"column":17227}},"type":"cond-expr","locations":[{"start":{"line":1,"column":17182},"end":{"line":1,"column":17219}},{"start":{"line":1,"column":17222},"end":{"line":1,"column":17227}}]},"133":{"loc":{"start":{"line":1,"column":17182},"end":{"line":1,"column":17219}},"type":"cond-expr","locations":[{"start":{"line":1,"column":17206},"end":{"line":1,"column":17212}},{"start":{"line":1,"column":17215},"end":{"line":1,"column":17219}}]},"134":{"loc":{"start":{"line":1,"column":17182},"end":{"line":1,"column":17203}},"type":"binary-expr","locations":[{"start":{"line":1,"column":17182},"end":{"line":1,"column":17187}},{"start":{"line":1,"column":17191},"end":{"line":1,"column":17203}}]},"135":{"loc":{"start":{"line":1,"column":17228},"end":{"line":1,"column":17248}},"type":"if","locations":[{"start":{"line":1,"column":17228},"end":{"line":1,"column":17248}},{"start":{"line":1,"column":17228},"end":{"line":1,"column":17248}}]},"136":{"loc":{"start":{"line":1,"column":17315},"end":{"line":1,"column":17377}},"type":"if","locations":[{"start":{"line":1,"column":17315},"end":{"line":1,"column":17377}},{"start":{"line":1,"column":17315},"end":{"line":1,"column":17377}}]},"137":{"loc":{"start":{"line":1,"column":17361},"end":{"line":1,"column":17376}},"type":"if","locations":[{"start":{"line":1,"column":17361},"end":{"line":1,"column":17376}},{"start":{"line":1,"column":17361},"end":{"line":1,"column":17376}}]}},"s":{"0":0,"1":0,"2":0,"3":0,"4":0,"5":0,"6":0,"7":0,"8":0,"9":0,"10":0,"11":0,"12":0,"13":0,"14":0,"15":0,"16":0,"17":0,"18":0,"19":0,"20":0,"21":0,"22":0,"23":0,"24":0,"25":0,"26":0,"27":0,"28":0,"29":0,"30":0,"31":0,"32":0,"33":0,"34":0,"35":0,"36":0,"37":0,"38":0,"39":0,"40":0,"41":0,"42":0,"43":0,"44":0,"45":0,"46":0,"47":0,"48":0,"49":0,"50":0,"51":0,"52":0,"53":0,"54":0,"55":0,"56":0,"57":0,"58":0,"59":0,"60":0,"61":0,"62":0,"63":0,"64":0,"65":0,"66":0,"67":0,"68":0,"69":0,"70":0,"71":0,"72":0,"73":0,"74":0,"75":0,"76":0,"77":0,"78":0,"79":0,"80":0,"81":0,"82":0,"83":0,"84":0,"85":0,"86":0,"87":0,"88":0,"89":0,"90":0,"91":0,"92":0,"93":0,"94":0,"95":0,"96":0,"97":0,"98":0,"99":0,"100":0,"101":0,"102":0,"103":0,"104":0,"105":0,"106":0,"107":0,"108":0,"109":0,"110":0,"111":0,"112":0,"113":0,"114":0,"115":0,"116":0,"117":0,"118":0,"119":0,"120":0,"121":0,"122":0,"123":0,"124":0,"125":0,"126":0,"127":0,"128":0,"129":0,"130":0,"131":0,"132":0,"133":0,"134":0,"135":0,"136":0,"137":0,"138":0,"139":0,"140":0,"141":0,"142":0,"143":0,"144":0,"145":0,"146":0,"147":0,"148":0,"149":0,"150":0,"151":0,"152":0,"153":0,"154":0,"155":0,"156":0,"157":0,"158":0,"159":0,"160":0,"161":0,"162":0,"163":0,"164":0,"165":0,"166":0,"167":0,"168":0,"169":0,"170":0,"171":0,"172":0,"173":0,"174":0,"175":0,"176":0,"177":0,"178":0,"179":0,"180":0,"181":0,"182":0,"183":0,"184":0,"185":0,"186":0,"187":0,"188":0,"189":0,"190":0,"191":0,"192":0,"193":0,"194":0,"195":0,"196":0,"197":0,"198":0,"199":0,"200":0,"201":0,"202":0,"203":0,"204":0,"205":0,"206":0,"207":0,"208":0,"209":0,"210":0,"211":0,"212":0,"213":0,"214":0,"215":0,"216":0,"217":0,"218":0,"219":0,"220":0,"221":0,"222":0,"223":0,"224":0,"225":0,"226":0,"227":0,"228":0,"229":0,"230":0,"231":0,"232":0,"233":0,"234":0,"235":0,"236":0,"237":0,"238":0,"239":0,"240":0,"241":0,"242":0,"243":0,"244":0,"245":0,"246":0,"247":0,"248":0,"249":0,"250":0,"251":0,"252":0,"253":0,"254":0,"255":0,"256":0,"257":0,"258":0,"259":0,"260":0,"261":0,"262":0,"263":0,"264":0,"265":0,"266":0,"267":0,"268":0,"269":0,"270":0,"271":0,"272":0,"273":0,"274":0,"275":0,"276":0,"277":0,"278":0,"279":0,"280":0,"281":0,"282":0,"283":0,"284":0,"285":0,"286":0,"287":0,"288":0,"289":0,"290":0,"291":0,"292":0,"293":0,"294":0,"295":0,"296":0,"297":0,"298":0,"299":0,"300":0,"301":0,"302":0,"303":0,"304":0,"305":0,"306":0,"307":0,"308":0,"309":0,"310":0,"311":0,"312":0,"313":0,"314":0,"315":0,"316":0,"317":0,"318":0,"319":0,"320":0,"321":0,"322":0,"323":0,"324":0,"325":0,"326":0,"327":0,"328":0,"329":0,"330":0,"331":0,"332":0,"333":0,"334":0,"335":0,"336":0,"337":0,"338":0,"339":0,"340":0,"341":0,"342":0,"343":0,"344":0,"345":0,"346":0,"347":0,"348":0,"349":0,"350":0,"351":0,"352":0,"353":0,"354":0,"355":0,"356":0,"357":0,"358":0,"359":0,"360":0,"361":0,"362":0,"363":0,"364":0,"365":0,"366":0,"367":0,"368":0,"369":0,"370":0,"371":0,"372":0,"373":0,"374":0,"375":0,"376":0,"377":0,"378":0,"379":0,"380":0,"381":0,"382":0,"383":0,"384":0,"385":0,"386":0,"387":0,"388":0,"389":0,"390":0,"391":0,"392":0,"393":0,"394":0,"395":0,"396":0,"397":0,"398":0,"399":0,"400":0,"401":0,"402":0,"403":0,"404":0,"405":0,"406":0,"407":0,"408":0,"409":0,"410":0,"411":0,"412":0,"413":0,"414":0,"415":0,"416":0,"417":0,"418":0,"419":0,"420":0,"421":0,"422":0,"423":0,"424":0,"425":0,"426":0,"427":0,"428":0,"429":0,"430":0,"431":0,"432":0,"433":0,"434":0,"435":0,"436":0,"437":0,"438":0,"439":0,"440":0,"441":0,"442":0,"443":0,"444":0,"445":0,"446":0,"447":0,"448":0,"449":0,"450":0,"451":0,"452":0,"453":0,"454":0,"455":0,"456":0,"457":0,"458":0,"459":0,"460":0,"461":0,"462":0,"463":0,"464":0,"465":0,"466":0,"467":0,"468":0,"469":0,"470":0,"471":0,"472":0,"473":0,"474":0,"475":0,"476":0,"477":0,"478":0,"479":0,"480":0,"481":0,"482":0,"483":0,"484":0,"485":0,"486":0,"487":0,"488":0,"489":0,"490":0,"491":0,"492":0,"493":0,"494":0,"495":0,"496":0,"497":0,"498":0,"499":0,"500":0,"501":0},"f":{"0":0,"1":0,"2":0,"3":0,"4":0,"5":0,"6":0,"7":0,"8":0,"9":0,"10":0,"11":0,"12":0,"13":0,"14":0,"15":0,"16":0,"17":0,"18":0,"19":0,"20":0,"21":0,"22":0,"23":0,"24":0,"25":0,"26":0,"27":0,"28":0},"b":{"0":[0,0],"1":[0,0],"2":[0,0],"3":[0,0],"4":[0,0],"5":[0,0],"6":[0,0],"7":[0,0],"8":[0,0],"9":[0,0],"10":[0,0],"11":[0,0,0,0],"12":[0,0],"13":[0,0],"14":[0,0],"15":[0,0],"16":[0,0],"17":[0,0],"18":[0,0],"19":[0,0],"20":[0,0],"21":[0,0],"22":[0,0],"23":[0,0],"24":[0,0],"25":[0,0],"26":[0,0],"27":[0,0],"28":[0,0],"29":[0,0],"30":[0,0],"31":[0,0],"32":[0,0],"33":[0,0],"34":[0,0],"35":[0,0],"36":[0,0],"37":[0,0],"38":[0,0
[...]
,"/Users/aina/8thlight/tttWebApp/public/js/src/bundle.js": {"path":"/Users/aina/8thlight/tttWebApp/public/js/src/bundle.js","statementMap":{"0":{"start":{"line":1,"column":8},"end":{"line":201,"column":11}},"1":{"start":{"line":3,"column":33},"end":{"line":3,"column":35}},"2":{"start":{"line":9,"column":12},"end":{"line":10,"column":56}},"3":{"start":{"line":10,"column":14},"end":{"line":10,"column":56}},"4":{"start":{"line":13,"column":25},"end":{"line":17,"column":16}},"5":{"start":{"line":20,"column":12},"end":{"line":20,"column":96}},"6":{"start":{"line":23,"column":12},"end":{"line":23,"column":28}},"7":{"start":{"line":26,"column":12},"end":{"line":26,"column":34}},"8":{"start":{"line":31,"column":10},"end":{"line":31,"column":42}},"9":{"start":{"line":34,"column":10},"end":{"line":34,"column":51}},"10":{"start":{"line":37,"column":10},"end":{"line":37,"column":67}},"11":{"start":{"line":37,"column":52},"end":{"line":37,"column":65}},"12":{"start":{"line":40,"column":10},"end":{"line":48,"column":14}},"13":{"start":{"line":41,"column":12},"end":{"line":47,"column":15}},"14":{"start":{"line":42,"column":14},"end":{"line":46,"column":20}},"15":{"start":{"line":51,"column":10},"end":{"line":57,"column":14}},"16":{"start":{"line":52,"column":25},"end":{"line":54,"column":56}},"17":{"start":{"line":53,"column":35},"end":{"line":53,"column":60}},"18":{"start":{"line":54,"column":41},"end":{"line":54,"column":55}},"19":{"start":{"line":55,"column":12},"end":{"line":55,"column":55}},"20":{"start":{"line":56,"column":12},"end":{"line":56,"column":26}},"21":{"start":{"line":60,"column":10},"end":{"line":60,"column":127}},"22":{"start":{"line":60,"column":63},"end":{"line":60,"column":125}},"23":{"start":{"line":63,"column":10},"end":{"line":63,"column":37}},"24":{"start":{"line":66,"column":10},"end":{"line":66,"column":64}},"25":{"start":{"line":73,"column":13},"end":{"line":119,"column":11}},"26":{"start":{"line":74,"column":15},"end":{"line":74,"column":17}},"27":{"start":{"line":76,"column":16},"end":{"line":76,"column":17}},"28":{"start":{"line":77,"column":13},"end":{"line":77,"column":16}},"29":{"start":{"line":80,"column":6},"end":{"line":85,"column":7}},"30":{"start":{"line":81,"column":8},"end":{"line":81,"column":36}},"31":{"start":{"line":83,"column":8},"end":{"line":83,"column":46}},"32":{"start":{"line":84,"column":8},"end":{"line":84,"column":20}},"33":{"start":{"line":88,"column":4},"end":{"line":97,"column":6}},"34":{"start":{"line":89,"column":20},"end":{"line":89,"column":38}},"35":{"start":{"line":91,"column":6},"end":{"line":93,"column":8}},"36":{"start":{"line":92,"column":8},"end":{"line":92,"column":49}},"37":{"start":{"line":95,"column":6},"end":{"line":95,"column":44}},"38":{"start":{"line":96,"column":6},"end":{"line":96,"column":25}},"39":{"start":{"line":99,"column":4},"end":{"line":109,"column":6}},"40":{"start":{"line":100,"column":20},"end":{"line":100,"column":38}},"41":{"start":{"line":102,"column":6},"end":{"line":104,"column":8}},"42":{"start":{"line":103,"column":8},"end":{"line":103,"column":49}},"43":{"start":{"line":106,"column":6},"end":{"line":106,"column":45}},"44":{"start":{"line":107,"column":6},"end":{"line":107,"column":67}},"45":{"start":{"line":108,"column":6},"end":{"line":108,"column":25}},"46":{"start":{"line":112,"column":6},"end":{"line":114,"column":7}},"47":{"start":{"line":113,"column":8},"end":{"line":113,"column":58}},"48":{"start":{"line":117,"column":4},"end":{"line":117,"column":24}},"49":{"start":{"line":121,"column":2},"end":{"line":121,"column":24}},"50":{"start":{"line":128,"column":15},"end":{"line":169,"column":11}},"51":{"start":{"line":130,"column":17},"end":{"line":130,"column":19}},"52":{"start":{"line":132,"column":4},"end":{"line":135,"column":6}},"53":{"start":{"line":133,"column":6},"end":{"line":133,"column":58}},"54":{"start":{"line":134,"column":6},"end":{"line":134,"column":52}},"55":{"start":{"line":137,"column":4},"end":{"line":140,"column":6}},"56":{"start":{"line":138,"column":19},"end":{"line":138,"column":52}},"57":{"start":{"line":139,"column":6},"end":{"line":139,"column":30}},"58":{"start":{"line":142,"column":4},"end":{"line":165,"column":6}},"59":{"start":{"line":143,"column":18},"end":{"line":143,"column":35}},"60":{"start":{"line":144,"column":21},"end":{"line":144,"column":83}},"61":{"start":{"line":145,"column":24},"end":{"line":145,"column":99}},"62":{"start":{"line":146,"column":24},"end":{"line":146,"column":33}},"63":{"start":{"line":147,"column":22},"end":{"line":147,"column":24}},"64":{"start":{"line":149,"column":22},"end":{"line":155,"column":7}},"65":{"start":{"line":150,"column":8},"end":{"line":154,"column":9}},"66":{"start":{"line":151,"column":10},"end":{"line":151,"column":31}},"67":{"start":{"line":153,"column":10},"end":{"line":153,"column":27}},"68":{"start":{"line":157,"column":6},"end":{"line":163,"column":7}},"69":{"start":{"line":158,"column":8},"end":{"line":158,"column":30}},"70":{"start":{"line":159,"column":8},"end":{"line":159,"column":33}},"71":{"start":{"line":160,"column":8},"end":{"line":160,"column":81}},"72":{"start":{"line":161,"column":8},"end":{"line":161,"column":96}},"73":{"start":{"line":162,"column":8},"end":{"line":162,"column":34}},"74":{"start":{"line":164,"column":6},"end":{"line":164,"column":23}},"75":{"start":{"line":167,"column":4},"end":{"line":167,"column":28}},"76":{"start":{"line":171,"column":2},"end":{"line":171,"column":26}},"77":{"start":{"line":179,"column":2},"end":{"line":179,"column":25}},"78":{"start":{"line":180,"column":2},"end":{"line":180,"column":25}},"79":{"start":{"line":182,"column":2},"end":{"line":198,"column":5}},"80":{"start":{"line":184,"column":4},"end":{"line":184,"column":56}},"81":{"start":{"line":186,"column":4},"end":{"line":192,"column":7}},"82":{"start":{"line":187,"column":6},"end":{"line":187,"column":29}},"83":{"start":{"line":188,"column":18},"end":{"line":188,"column":69}},"84":{"start":{"line":189,"column":17},"end":{"line":189,"column":40}},"85":{"start":{"line":190,"column":17},"end":{"line":190,"column":62}},"86":{"start":{"line":191,"column":6},"end":{"line":191,"column":66}},"87":{"start":{"line":194,"column":4},"end":{"line":197,"column":7}},"88":{"start":{"line":195,"column":6},"end":{"line":195,"column":29}},"89":{"start":{"line":196,"column":6},"end":{"line":196,"column":58}}},"fnMap":{"0":{"name":"(anonymous_0)","decl":{"start":{"line":1,"column":9},"end":{"line":1,"column":10}},"loc":{"start":{"line":1,"column":28},"end":{"line":67,"column":11}}},"1":{"name":"__webpack_require__","decl":{"start":{"line":6,"column":19},"end":{"line":6,"column":38}},"loc":{"start":{"line":6,"column":49},"end":{"line":27,"column":13}}},"2":{"name":"(anonymous_2)","decl":{"start":{"line":37,"column":34},"end":{"line":37,"column":35}},"loc":{"start":{"line":37,"column":51},"end":{"line":37,"column":66}}},"3":{"name":"(anonymous_3)","decl":{"start":{"line":40,"column":34},"end":{"line":40,"column":35}},"loc":{"start":{"line":40,"column":67},"end":{"line":48,"column":13}}},"4":{"name":"(anonymous_4)","decl":{"start":{"line":51,"column":34},"end":{"line":51,"column":35}},"loc":{"start":{"line":51,"column":52},"end":{"line":57,"column":13}}},"5":{"name":"getDefault","decl":{"start":{"line":53,"column":21},"end":{"line":53,"column":31}},"loc":{"start":{"line":53,"column":34},"end":{"line":53,"column":61}}},"6":{"name":"getModuleExports","decl":{"start":{"line":54,"column":21},"end":{"line":54,"column":37}},"loc":{"start":{"line":54,"column":40},"end":{"line":54,"column":56}}},"7":{"name":"(anonymous_7)","decl":{"start":{"line":60,"column":34},"end":{"line":60,"column":35}},"loc":{"start":{"line":60,"column":62},"end":{"line":60,"column":126}}},"8":{"name":"(anonymous_8)","decl":{"start":{"line":71,"column":5},"end":{"line":71,"column":6}},"loc":{"start":{"line":71,"column":32},"end":{"line":124,"column":8}}},"9":{"name":"(anonymous_9)","decl":{"start":{"line":73,"column":13},"end":{"line":73,"column":14}},"loc":{"start":{"line":73,"column":31},"end":{"line":119,"column":3}}},"10":{"name":"getRequestObject","decl":{"start":{"line":79,"column":13},"end":{"line":79,"column":29}},"loc":{"start":{"line":79,"column":32},"end":{"line":86,"column":5}}},"11":{"name":"(anonymous_11)","decl":{"start":{"line":88,"column":26},"end":{"line":88,"column":27}},"loc":{"start":{"line":88,"column":65},"end":{"line":97,"column":5}}},"12":{"name":"(anonymous_12)","decl":{"start":{"line":91,"column":35},"end":{"line":91,"column":36}},"loc":{"start":{"line":91,"column":47},"end":{"line":93,"column":7}}},"13":{"name":"(anonymous_13)","decl":{"start":{"line":99,"column":27},"end":{"line":99,"column":28}},"loc":{"start":{"line":99,"column":72},"end":{"line":109,"column":5}}},"14":{"name":"(anonymous_14)","decl":{"start":{"line":102,"column":35},"end":{"line":102,"column":36}},"loc":{"start":{"line":102,"column":47},"end":{"line":104,"column":7}}},"15":{"name":"handleResponse","decl":{"start":{"line":111,"column":13},"end":{"line":111,"column":27}},"loc":{"start":{"line":111,"column":54},"end":{"line":115,"column":5}}},"16":{"name":"(anonymous_16)","decl":{"start":{"line":126,"column":5},"end":{"line":126,"column":6}},"loc":{"start":{"line":126,"column":32},"end":{"line":175,"column":8}}},"17":{"name":"(anonymous_17)","decl":{"start":{"line":128,"column":15},"end":{"line":128,"column":16}},"loc":{"start":{"line":128,"column":33},"end":{"line":169,"column":3}}},"18":{"name":"(anonymous_18)","decl":{"start":{"line":132,"column":22},"end":{"line":132,"column":23}},"loc":{"start":{"line":132,"column":38},"end":{"line":135,"column":5}}},"19":{"name":"(anonymous_19)","decl":{"start":{"line":137,"column":24},"end":{"line":137,"column":25}},"loc":{"start":{"line":137,"column":50},"end":{"line":140,"column":5}}},"20":{"name":"(anonymous_20)","decl":{"start":{"line":142,"column":25},"end":{"line":142,"column":26}},"loc":{"start":{"line":142,"column":45},"end":{"line":165,"column":5}}},"21":{"name":"(anonymous_21)","decl":{"start":{"line":149,"column":22},"end":{"line":149,"column":23}},"loc":{"start":{"line":149,"column":39},"end":{"line":155,"column":7}}},"22":{"name":"(anonymous_22)","decl":{"start":{"line":177,"column":5},"end":{"line":177,"column":6}},"loc":{"start":{"line":177,"column":53},"end":{"line":201,"column":8}}},"23":{"name":"(anonymous_23)","decl":{"start":{"line":182,"column":48},"end":{"line":182,"column":49}},"loc":{"start":{"line":182,"column":65},"end":{"line":198,"column":3}}},"24":{"name":"(anonymous_24)","decl":{"start":{"line":186,"column":38},"end":{"line":186,"column":39}},"loc":{"start":{"line":186,"column":55},"end":{"line":192,"column":5}}},"25":{"name":"(anonymous_25)","decl":{"start":{"line":194,"column":65},"end":{"line":194,"column":66}},"loc":{"start":{"line":194,"column":82},"end":{"line":197,"column":5}}}},"branchMap":{"0":{"loc":{"start":{"line":9,"column":12},"end":{"line":10,"column":56}},"type":"if","locations":[{"start":{"line":9,"column":12},"end":{"line":10,"column":56}},{"start":{"line":9,"column":12},"end":{"line":10,"column":56}}]},"1":{"loc":{"start":{"line":41,"column":12},"end":{"line":47,"column":15}},"type":"if","locations":[{"start":{"line":41,"column":12},"end":{"line":47,"column":15}},{"start":{"line":41,"column":12},"end":{"line":47,"column":15}}]},"2":{"loc":{"start":{"line":52,"column":25},"end":{"line":54,"column":56}},"type":"cond-expr","locations":[{"start":{"line":53,"column":12},"end":{"line":53,"column":61}},{"start":{"line":54,"column":12},"end":{"line":54,"column":56}}]},"3":{"loc":{"start":{"line":52,"column":25},"end":{"line":52,"column":52}},"type":"binary-expr","locations":[{"start":{"line":52,"column":25},"end":{"line":52,"column":31}},{"start":{"line":52,"column":35},"end":{"line":52,"column":52}}]},"4":{"loc":{"start":{"line":80,"column":6},"end":{"line":85,"column":7}},"type":"if","locations":[{"start":{"line":80,"column":6},"end":{"line":85,"column":7}},{"start":{"line":80,"column":6},"end":{"line":85,"column":7}}]},"5":{"loc":{"start":{"line":112,"column":6},"end":{"line":114,"column":7}},"type":"if","locations":[{"start":{"line":112,"column":6},"end":{"line":114,"column":7}},{"start":{"line":112,"column":6},"end":{"line":114,"column":7}}]},"6":{"loc":{"start":{"line":112,"column":10},"end":{"line":112,"column":61}},"type":"binary-expr","locations":[{"start":{"line":112,"column":10},"end":{"line":112,"column":37}},{"start":{"line":112,"column":41},"end":{"line":112,"column":61}}]},"7":{"loc":{"start":{"line":150,"column":8},"end":{"line":154,"column":9}},"type":"if","locations":[{"start":{"line":150,"column":8},"end":{"line":154,"column":9}},{"start":{"line":150,"column":8},"end":{"line":154,"column":9}}]}},"s":{"0":0,"1":0,"2":0,"3":0,"4":0,"5":0,"6":0,"7":0,"8":0,"9":0,"10":0,"11":0,"12":0,"13":0,"14":0,"15":0,"16":0,"17":0,"18":0,"19":0,"20":0,"21":0,"22":0,"23":0,"24":0,"25":0,"26":0,"27":0,"28":0,"29":0,"30":0,"31":0,"32":0,"33":0,"34":0,"35":0,"36":0,"37":0,"38":0,"39":0,"40":0,"41":0,"42":0,"43":0,"44":0,"45":0,"46":0,"47":0,"48":0,"49":0,"50":0,"51":0,"52":0,"53":0,"54":0,"55":0,"56":0,"57":0,"58":0,"59":0,"60":0,"61":0,"62":0,"63":0,"64":0,"65":0,"66":0,"67":0,"68":0,"69":0,"70":0,"71":0,"72":0,"73":0,"74":0,"75":0,"76":0,"77":0,"78":0,"79":0,"80":0,"81":0,"82":0,"83":0,"84":0,"85":0,"86":0,"87":0,"88":0,"89":0},"f":{"0":0,"1":0,"2":0,"3":0,"4":0,"5":0,"6":0,"7":0,"8":0,"9":0,"10":0,"11":0,"12":0,"13":0,"14":0,"15":0,"16":0,"17":0,"18":0,"19":0,"20":0,"21":0,"22":0,"23":0,"24":0,"25":0},"b":{"0":[0,0],"1":[0,0],"2":[0,0],"3":[0,0],"4":[0,0],"5":[0,0],"6":[0,0],"7":[0,0]}}
,"/Users/aina/8thlight/tttWebApp/public/js/src/script.js": {"path":"/Users/aina/8thlight/tttWebApp/public/js/src/script.js","statementMap":{"0":{"start":{"line":1,"column":0},"end":{"line":1,"column":21}},"1":{"start":{"line":2,"column":0},"end":{"line":2,"column":23}},"2":{"start":{"line":4,"column":0},"end":{"line":20,"column":3}},"3":{"start":{"line":6,"column":2},"end":{"line":6,"column":54}},"4":{"start":{"line":8,"column":2},"end":{"line":14,"column":5}},"5":{"start":{"line":9,"column":4},"end":{"line":9,"column":27}},"6":{"start":{"line":10,"column":16},"end":{"line":10,"column":67}},"7":{"start":{"line":11,"column":15},"end":{"line":11,"column":38}},"8":{"start":{"line":12,"column":15},"end":{"line":12,"column":60}},"9":{"start":{"line":13,"column":4},"end":{"line":13,"column":64}},"10":{"start":{"line":16,"column":2},"end":{"line":19,"column":5}},"11":{"start":{"line":17,"column":4},"end":{"line":17,"column":27}},"12":{"start":{"line":18,"column":4},"end":{"line":18,"column":56}}},"fnMap":{"0":{"name":"(anonymous_0)","decl":{"start":{"line":4,"column":46},"end":{"line":4,"column":47}},"loc":{"start":{"line":4,"column":63},"end":{"line":20,"column":1}}},"1":{"name":"(anonymous_1)","decl":{"start":{"line":8,"column":36},"end":{"line":8,"column":37}},"loc":{"start":{"line":8,"column":53},"end":{"line":14,"column":3}}},"2":{"name":"(anonymous_2)","decl":{"start":{"line":16,"column":63},"end":{"line":16,"column":64}},"loc":{"start":{"line":16,"column":80},"end":{"line":19,"column":3}}}},"branchMap":{},"s":{"0":0,"1":0,"2":0,"3":0,"4":0,"5":0,"6":0,"7":0,"8":0,"9":0,"10":0,"11":0,"12":0},"f":{"0":0,"1":0,"2":0},"b":{}}
,"/Users/aina/8thlight/tttWebApp/public/js/src/sum.js": {"path":"/Users/aina/8thlight/tttWebApp/public/js/src/sum.js","statementMap":{"0":{"start":{"line":2,"column":2},"end":{"line":2,"column":15}},"1":{"start":{"line":5,"column":0},"end":{"line":5,"column":21}}},"fnMap":{"0":{"name":"sum","decl":{"start":{"line":1,"column":9},"end":{"line":1,"column":12}},"loc":{"start":{"line":1,"column":19},"end":{"line":3,"column":1}}}},"branchMap":{},"s":{"0":1,"1":1},"f":{"0":1},"b":{},"_coverageSchema":"332fd63041d2c1bcb487cc26dd0d5f7d97098a6c","hash":"29ca5139f52c5857f20ee6dacf047e9caa404652"}
,"/Users/aina/8thlight/tttWebApp/public/js/src/writer.js": {"path":"/Users/aina/8thlight/tttWebApp/public/js/src/writer.js","statementMap":{"0":{"start":{"line":1,"column":13},"end":{"line":42,"column":10}},"1":{"start":{"line":3,"column":15},"end":{"line":3,"column":17}},"2":{"start":{"line":5,"column":2},"end":{"line":8,"column":4}},"3":{"start":{"line":6,"column":4},"end":{"line":6,"column":56}},"4":{"start":{"line":7,"column":4},"end":{"line":7,"column":50}},"5":{"start":{"line":10,"column":2},"end":{"line":13,"column":4}},"6":{"start":{"line":11,"column":17},"end":{"line":11,"column":50}},"7":{"start":{"line":12,"column":4},"end":{"line":12,"column":27}},"8":{"start":{"line":15,"column":2},"end":{"line":38,"column":4}},"9":{"start":{"line":16,"column":16},"end":{"line":16,"column":33}},"10":{"start":{"line":17,"column":19},"end":{"line":17,"column":81}},"11":{"start":{"line":18,"column":22},"end":{"line":18,"column":97}},"12":{"start":{"line":19,"column":22},"end":{"line":19,"column":31}},"13":{"start":{"line":20,"column":20},"end":{"line":20,"column":22}},"14":{"start":{"line":22,"column":20},"end":{"line":28,"column":5}},"15":{"start":{"line":23,"column":6},"end":{"line":27,"column":7}},"16":{"start":{"line":24,"column":8},"end":{"line":24,"column":29}},"17":{"start":{"line":26,"column":8},"end":{"line":26,"column":25}},"18":{"start":{"line":30,"column":4},"end":{"line":36,"column":5}},"19":{"start":{"line":31,"column":6},"end":{"line":31,"column":28}},"20":{"start":{"line":32,"column":6},"end":{"line":32,"column":31}},"21":{"start":{"line":33,"column":6},"end":{"line":33,"column":79}},"22":{"start":{"line":34,"column":6},"end":{"line":34,"column":94}},"23":{"start":{"line":35,"column":6},"end":{"line":35,"column":32}},"24":{"start":{"line":37,"column":4},"end":{"line":37,"column":21}},"25":{"start":{"line":40,"column":2},"end":{"line":40,"column":26}},"26":{"start":{"line":44,"column":0},"end":{"line":44,"column":24}}},"fnMap":{"0":{"name":"(anonymous_0)","decl":{"start":{"line":1,"column":14},"end":{"line":1,"column":15}},"loc":{"start":{"line":1,"column":32},"end":{"line":42,"column":1}}},"1":{"name":"(anonymous_1)","decl":{"start":{"line":5,"column":20},"end":{"line":5,"column":21}},"loc":{"start":{"line":5,"column":35},"end":{"line":8,"column":3}}},"2":{"name":"(anonymous_2)","decl":{"start":{"line":10,"column":22},"end":{"line":10,"column":23}},"loc":{"start":{"line":10,"column":47},"end":{"line":13,"column":3}}},"3":{"name":"(anonymous_3)","decl":{"start":{"line":15,"column":23},"end":{"line":15,"column":24}},"loc":{"start":{"line":15,"column":42},"end":{"line":38,"column":3}}},"4":{"name":"(anonymous_4)","decl":{"start":{"line":22,"column":20},"end":{"line":22,"column":21}},"loc":{"start":{"line":22,"column":36},"end":{"line":28,"column":5}}}},"branchMap":{"0":{"loc":{"start":{"line":23,"column":6},"end":{"line":27,"column":7}},"type":"if","locations":[{"start":{"line":23,"column":6},"end":{"line":27,"column":7}},{"start":{"line":23,"column":6},"end":{"line":27,"column":7}}]}},"s":{"0":1,"1":1,"2":1,"3":0,"4":0,"5":1,"6":0,"7":0,"8":1,"9":0,"10":0,"11":0,"12":0,"13":0,"14":0,"15":0,"16":0,"17":0,"18":0,"19":0,"20":0,"21":0,"22":0,"23":0,"24":0,"25":1,"26":1},"f":{"0":1,"1":0,"2":0,"3":0,"4":0},"b":{"0":[0,0]},"_coverageSchema":"332fd63041d2c1bcb487cc26dd0d5f7d97098a6c","hash":"3f26c417da249bb09b8afb0cbdbbf171d837e79d"}
}
