{"/Users/aina/8thlight/tttWebApp/public/js/src/ajax.js": {"path":"/Users/aina/8thlight/tttWebApp/public/js/src/ajax.js","statementMap":{"0":{"start":{"line":1,"column":11},"end":{"line":47,"column":9}},"1":{"start":{"line":2,"column":13},"end":{"line":2,"column":15}},"2":{"start":{"line":4,"column":14},"end":{"line":4,"column":15}},"3":{"start":{"line":5,"column":11},"end":{"line":5,"column":14}},"4":{"start":{"line":8,"column":4},"end":{"line":13,"column":5}},"5":{"start":{"line":9,"column":6},"end":{"line":9,"column":34}},"6":{"start":{"line":11,"column":6},"end":{"line":11,"column":44}},"7":{"start":{"line":12,"column":6},"end":{"line":12,"column":18}},"8":{"start":{"line":16,"column":2},"end":{"line":25,"column":4}},"9":{"start":{"line":17,"column":18},"end":{"line":17,"column":36}},"10":{"start":{"line":19,"column":4},"end":{"line":21,"column":6}},"11":{"start":{"line":20,"column":6},"end":{"line":20,"column":47}},"12":{"start":{"line":23,"column":4},"end":{"line":23,"column":42}},"13":{"start":{"line":24,"column":4},"end":{"line":24,"column":23}},"14":{"start":{"line":27,"column":2},"end":{"line":37,"column":4}},"15":{"start":{"line":28,"column":18},"end":{"line":28,"column":36}},"16":{"start":{"line":30,"column":4},"end":{"line":32,"column":6}},"17":{"start":{"line":31,"column":6},"end":{"line":31,"column":47}},"18":{"start":{"line":34,"column":4},"end":{"line":34,"column":43}},"19":{"start":{"line":35,"column":4},"end":{"line":35,"column":65}},"20":{"start":{"line":36,"column":4},"end":{"line":36,"column":23}},"21":{"start":{"line":40,"column":4},"end":{"line":42,"column":5}},"22":{"start":{"line":41,"column":6},"end":{"line":41,"column":56}},"23":{"start":{"line":45,"column":2},"end":{"line":45,"column":22}},"24":{"start":{"line":49,"column":0},"end":{"line":49,"column":22}}},"fnMap":{"0":{"name":"(anonymous_0)","decl":{"start":{"line":1,"column":11},"end":{"line":1,"column":12}},"loc":{"start":{"line":1,"column":29},"end":{"line":47,"column":1}}},"1":{"name":"getRequestObject","decl":{"start":{"line":7,"column":11},"end":{"line":7,"column":27}},"loc":{"start":{"line":7,"column":30},"end":{"line":14,"column":3}}},"2":{"name":"(anonymous_2)","decl":{"start":{"line":16,"column":24},"end":{"line":16,"column":25}},"loc":{"start":{"line":16,"column":63},"end":{"line":25,"column":3}}},"3":{"name":"(anonymous_3)","decl":{"start":{"line":19,"column":33},"end":{"line":19,"column":34}},"loc":{"start":{"line":19,"column":45},"end":{"line":21,"column":5}}},"4":{"name":"(anonymous_4)","decl":{"start":{"line":27,"column":25},"end":{"line":27,"column":26}},"loc":{"start":{"line":27,"column":70},"end":{"line":37,"column":3}}},"5":{"name":"(anonymous_5)","decl":{"start":{"line":30,"column":33},"end":{"line":30,"column":34}},"loc":{"start":{"line":30,"column":45},"end":{"line":32,"column":5}}},"6":{"name":"handleResponse","decl":{"start":{"line":39,"column":11},"end":{"line":39,"column":25}},"loc":{"start":{"line":39,"column":52},"end":{"line":43,"column":3}}}},"branchMap":{"0":{"loc":{"start":{"line":8,"column":4},"end":{"line":13,"column":5}},"type":"if","locations":[{"start":{"line":8,"column":4},"end":{"line":13,"column":5}},{"start":{"line":8,"column":4},"end":{"line":13,"column":5}}]},"1":{"loc":{"start":{"line":40,"column":4},"end":{"line":42,"column":5}},"type":"if","locations":[{"start":{"line":40,"column":4},"end":{"line":42,"column":5}},{"start":{"line":40,"column":4},"end":{"line":42,"column":5}}]},"2":{"loc":{"start":{"line":40,"column":8},"end":{"line":40,"column":59}},"type":"binary-expr","locations":[{"start":{"line":40,"column":8},"end":{"line":40,"column":35}},{"start":{"line":40,"column":39},"end":{"line":40,"column":59}}]}},"s":{"0":0,"1":0,"2":0,"3":0,"4":0,"5":0,"6":0,"7":0,"8":0,"9":0,"10":0,"11":0,"12":0,"13":0,"14":0,"15":0,"16":0,"17":0,"18":0,"19":0,"20":0,"21":0,"22":0,"23":0,"24":0},"f":{"0":0,"1":0,"2":0,"3":0,"4":0,"5":0,"6":0},"b":{"0":[0,0],"1":[0,0],"2":[0,0]}}
,"/Users/aina/8thlight/tttWebApp/public/js/src/bundle.js": {"path":"/Users/aina/8thlight/tttWebApp/public/js/src/bundle.js","statementMap":{"0":{"start":{"line":1,"column":8},"end":{"line":199,"column":11}},"1":{"start":{"line":3,"column":33},"end":{"line":3,"column":35}},"2":{"start":{"line":9,"column":12},"end":{"line":10,"column":56}},"3":{"start":{"line":10,"column":14},"end":{"line":10,"column":56}},"4":{"start":{"line":13,"column":25},"end":{"line":17,"column":16}},"5":{"start":{"line":20,"column":12},"end":{"line":20,"column":96}},"6":{"start":{"line":23,"column":12},"end":{"line":23,"column":28}},"7":{"start":{"line":26,"column":12},"end":{"line":26,"column":34}},"8":{"start":{"line":31,"column":10},"end":{"line":31,"column":42}},"9":{"start":{"line":34,"column":10},"end":{"line":34,"column":51}},"10":{"start":{"line":37,"column":10},"end":{"line":37,"column":67}},"11":{"start":{"line":37,"column":52},"end":{"line":37,"column":65}},"12":{"start":{"line":40,"column":10},"end":{"line":48,"column":14}},"13":{"start":{"line":41,"column":12},"end":{"line":47,"column":15}},"14":{"start":{"line":42,"column":14},"end":{"line":46,"column":20}},"15":{"start":{"line":51,"column":10},"end":{"line":57,"column":14}},"16":{"start":{"line":52,"column":25},"end":{"line":54,"column":56}},"17":{"start":{"line":53,"column":35},"end":{"line":53,"column":60}},"18":{"start":{"line":54,"column":41},"end":{"line":54,"column":55}},"19":{"start":{"line":55,"column":12},"end":{"line":55,"column":55}},"20":{"start":{"line":56,"column":12},"end":{"line":56,"column":26}},"21":{"start":{"line":60,"column":10},"end":{"line":60,"column":127}},"22":{"start":{"line":60,"column":63},"end":{"line":60,"column":125}},"23":{"start":{"line":63,"column":10},"end":{"line":63,"column":37}},"24":{"start":{"line":66,"column":10},"end":{"line":66,"column":64}},"25":{"start":{"line":73,"column":19},"end":{"line":76,"column":3}},"26":{"start":{"line":74,"column":17},"end":{"line":74,"column":50}},"27":{"start":{"line":75,"column":4},"end":{"line":75,"column":28}},"28":{"start":{"line":78,"column":20},"end":{"line":101,"column":3}},"29":{"start":{"line":79,"column":16},"end":{"line":79,"column":33}},"30":{"start":{"line":80,"column":19},"end":{"line":80,"column":81}},"31":{"start":{"line":81,"column":22},"end":{"line":81,"column":97}},"32":{"start":{"line":82,"column":22},"end":{"line":82,"column":31}},"33":{"start":{"line":83,"column":20},"end":{"line":83,"column":22}},"34":{"start":{"line":85,"column":20},"end":{"line":91,"column":5}},"35":{"start":{"line":86,"column":6},"end":{"line":90,"column":7}},"36":{"start":{"line":87,"column":8},"end":{"line":87,"column":29}},"37":{"start":{"line":89,"column":8},"end":{"line":89,"column":25}},"38":{"start":{"line":93,"column":4},"end":{"line":99,"column":5}},"39":{"start":{"line":94,"column":6},"end":{"line":94,"column":28}},"40":{"start":{"line":95,"column":6},"end":{"line":95,"column":31}},"41":{"start":{"line":96,"column":6},"end":{"line":96,"column":79}},"42":{"start":{"line":97,"column":6},"end":{"line":97,"column":94}},"43":{"start":{"line":98,"column":6},"end":{"line":98,"column":32}},"44":{"start":{"line":100,"column":4},"end":{"line":100,"column":21}},"45":{"start":{"line":103,"column":17},"end":{"line":106,"column":3}},"46":{"start":{"line":104,"column":4},"end":{"line":104,"column":42}},"47":{"start":{"line":105,"column":4},"end":{"line":105,"column":43}},"48":{"start":{"line":108,"column":2},"end":{"line":111,"column":31}},"49":{"start":{"line":119,"column":13},"end":{"line":165,"column":11}},"50":{"start":{"line":120,"column":15},"end":{"line":120,"column":17}},"51":{"start":{"line":122,"column":16},"end":{"line":122,"column":17}},"52":{"start":{"line":123,"column":13},"end":{"line":123,"column":16}},"53":{"start":{"line":126,"column":6},"end":{"line":131,"column":7}},"54":{"start":{"line":127,"column":8},"end":{"line":127,"column":36}},"55":{"start":{"line":129,"column":8},"end":{"line":129,"column":46}},"56":{"start":{"line":130,"column":8},"end":{"line":130,"column":20}},"57":{"start":{"line":134,"column":4},"end":{"line":143,"column":6}},"58":{"start":{"line":135,"column":20},"end":{"line":135,"column":38}},"59":{"start":{"line":137,"column":6},"end":{"line":139,"column":8}},"60":{"start":{"line":138,"column":8},"end":{"line":138,"column":49}},"61":{"start":{"line":141,"column":6},"end":{"line":141,"column":44}},"62":{"start":{"line":142,"column":6},"end":{"line":142,"column":25}},"63":{"start":{"line":145,"column":4},"end":{"line":155,"column":6}},"64":{"start":{"line":146,"column":20},"end":{"line":146,"column":38}},"65":{"start":{"line":148,"column":6},"end":{"line":150,"column":8}},"66":{"start":{"line":149,"column":8},"end":{"line":149,"column":49}},"67":{"start":{"line":152,"column":6},"end":{"line":152,"column":45}},"68":{"start":{"line":153,"column":6},"end":{"line":153,"column":67}},"69":{"start":{"line":154,"column":6},"end":{"line":154,"column":25}},"70":{"start":{"line":158,"column":6},"end":{"line":160,"column":7}},"71":{"start":{"line":159,"column":8},"end":{"line":159,"column":58}},"72":{"start":{"line":163,"column":4},"end":{"line":163,"column":24}},"73":{"start":{"line":167,"column":2},"end":{"line":167,"column":24}},"74":{"start":{"line":174,"column":2},"end":{"line":174,"column":25}},"75":{"start":{"line":175,"column":15},"end":{"line":175,"column":37}},"76":{"start":{"line":177,"column":2},"end":{"line":177,"column":38}},"77":{"start":{"line":178,"column":2},"end":{"line":178,"column":47}},"78":{"start":{"line":180,"column":2},"end":{"line":196,"column":5}},"79":{"start":{"line":182,"column":4},"end":{"line":182,"column":55}},"80":{"start":{"line":184,"column":4},"end":{"line":190,"column":7}},"81":{"start":{"line":185,"column":6},"end":{"line":185,"column":29}},"82":{"start":{"line":186,"column":18},"end":{"line":186,"column":69}},"83":{"start":{"line":187,"column":17},"end":{"line":187,"column":40}},"84":{"start":{"line":188,"column":17},"end":{"line":188,"column":62}},"85":{"start":{"line":189,"column":6},"end":{"line":189,"column":65}},"86":{"start":{"line":192,"column":4},"end":{"line":195,"column":7}},"87":{"start":{"line":193,"column":6},"end":{"line":193,"column":29}},"88":{"start":{"line":194,"column":6},"end":{"line":194,"column":57}}},"fnMap":{"0":{"name":"(anonymous_0)","decl":{"start":{"line":1,"column":9},"end":{"line":1,"column":10}},"loc":{"start":{"line":1,"column":28},"end":{"line":67,"column":11}}},"1":{"name":"__webpack_require__","decl":{"start":{"line":6,"column":19},"end":{"line":6,"column":38}},"loc":{"start":{"line":6,"column":49},"end":{"line":27,"column":13}}},"2":{"name":"(anonymous_2)","decl":{"start":{"line":37,"column":34},"end":{"line":37,"column":35}},"loc":{"start":{"line":37,"column":51},"end":{"line":37,"column":66}}},"3":{"name":"(anonymous_3)","decl":{"start":{"line":40,"column":34},"end":{"line":40,"column":35}},"loc":{"start":{"line":40,"column":67},"end":{"line":48,"column":13}}},"4":{"name":"(anonymous_4)","decl":{"start":{"line":51,"column":34},"end":{"line":51,"column":35}},"loc":{"start":{"line":51,"column":52},"end":{"line":57,"column":13}}},"5":{"name":"getDefault","decl":{"start":{"line":53,"column":21},"end":{"line":53,"column":31}},"loc":{"start":{"line":53,"column":34},"end":{"line":53,"column":61}}},"6":{"name":"getModuleExports","decl":{"start":{"line":54,"column":21},"end":{"line":54,"column":37}},"loc":{"start":{"line":54,"column":40},"end":{"line":54,"column":56}}},"7":{"name":"(anonymous_7)","decl":{"start":{"line":60,"column":34},"end":{"line":60,"column":35}},"loc":{"start":{"line":60,"column":62},"end":{"line":60,"column":126}}},"8":{"name":"(anonymous_8)","decl":{"start":{"line":71,"column":5},"end":{"line":71,"column":6}},"loc":{"start":{"line":71,"column":32},"end":{"line":115,"column":8}}},"9":{"name":"(anonymous_9)","decl":{"start":{"line":73,"column":19},"end":{"line":73,"column":20}},"loc":{"start":{"line":73,"column":45},"end":{"line":76,"column":3}}},"10":{"name":"(anonymous_10)","decl":{"start":{"line":78,"column":20},"end":{"line":78,"column":21}},"loc":{"start":{"line":78,"column":40},"end":{"line":101,"column":3}}},"11":{"name":"(anonymous_11)","decl":{"start":{"line":85,"column":20},"end":{"line":85,"column":21}},"loc":{"start":{"line":85,"column":37},"end":{"line":91,"column":5}}},"12":{"name":"(anonymous_12)","decl":{"start":{"line":103,"column":17},"end":{"line":103,"column":18}},"loc":{"start":{"line":103,"column":33},"end":{"line":106,"column":3}}},"13":{"name":"(anonymous_13)","decl":{"start":{"line":117,"column":5},"end":{"line":117,"column":6}},"loc":{"start":{"line":117,"column":32},"end":{"line":170,"column":8}}},"14":{"name":"(anonymous_14)","decl":{"start":{"line":119,"column":13},"end":{"line":119,"column":14}},"loc":{"start":{"line":119,"column":31},"end":{"line":165,"column":3}}},"15":{"name":"getRequestObject","decl":{"start":{"line":125,"column":13},"end":{"line":125,"column":29}},"loc":{"start":{"line":125,"column":32},"end":{"line":132,"column":5}}},"16":{"name":"(anonymous_16)","decl":{"start":{"line":134,"column":26},"end":{"line":134,"column":27}},"loc":{"start":{"line":134,"column":65},"end":{"line":143,"column":5}}},"17":{"name":"(anonymous_17)","decl":{"start":{"line":137,"column":35},"end":{"line":137,"column":36}},"loc":{"start":{"line":137,"column":47},"end":{"line":139,"column":7}}},"18":{"name":"(anonymous_18)","decl":{"start":{"line":145,"column":27},"end":{"line":145,"column":28}},"loc":{"start":{"line":145,"column":72},"end":{"line":155,"column":5}}},"19":{"name":"(anonymous_19)","decl":{"start":{"line":148,"column":35},"end":{"line":148,"column":36}},"loc":{"start":{"line":148,"column":47},"end":{"line":150,"column":7}}},"20":{"name":"handleResponse","decl":{"start":{"line":157,"column":13},"end":{"line":157,"column":27}},"loc":{"start":{"line":157,"column":54},"end":{"line":161,"column":5}}},"21":{"name":"(anonymous_21)","decl":{"start":{"line":172,"column":5},"end":{"line":172,"column":6}},"loc":{"start":{"line":172,"column":53},"end":{"line":199,"column":8}}},"22":{"name":"(anonymous_22)","decl":{"start":{"line":180,"column":48},"end":{"line":180,"column":49}},"loc":{"start":{"line":180,"column":65},"end":{"line":196,"column":3}}},"23":{"name":"(anonymous_23)","decl":{"start":{"line":184,"column":38},"end":{"line":184,"column":39}},"loc":{"start":{"line":184,"column":55},"end":{"line":190,"column":5}}},"24":{"name":"(anonymous_24)","decl":{"start":{"line":192,"column":65},"end":{"line":192,"column":66}},"loc":{"start":{"line":192,"column":82},"end":{"line":195,"column":5}}}},"branchMap":{"0":{"loc":{"start":{"line":9,"column":12},"end":{"line":10,"column":56}},"type":"if","locations":[{"start":{"line":9,"column":12},"end":{"line":10,"column":56}},{"start":{"line":9,"column":12},"end":{"line":10,"column":56}}]},"1":{"loc":{"start":{"line":41,"column":12},"end":{"line":47,"column":15}},"type":"if","locations":[{"start":{"line":41,"column":12},"end":{"line":47,"column":15}},{"start":{"line":41,"column":12},"end":{"line":47,"column":15}}]},"2":{"loc":{"start":{"line":52,"column":25},"end":{"line":54,"column":56}},"type":"cond-expr","locations":[{"start":{"line":53,"column":12},"end":{"line":53,"column":61}},{"start":{"line":54,"column":12},"end":{"line":54,"column":56}}]},"3":{"loc":{"start":{"line":52,"column":25},"end":{"line":52,"column":52}},"type":"binary-expr","locations":[{"start":{"line":52,"column":25},"end":{"line":52,"column":31}},{"start":{"line":52,"column":35},"end":{"line":52,"column":52}}]},"4":{"loc":{"start":{"line":86,"column":6},"end":{"line":90,"column":7}},"type":"if","locations":[{"start":{"line":86,"column":6},"end":{"line":90,"column":7}},{"start":{"line":86,"column":6},"end":{"line":90,"column":7}}]},"5":{"loc":{"start":{"line":126,"column":6},"end":{"line":131,"column":7}},"type":"if","locations":[{"start":{"line":126,"column":6},"end":{"line":131,"column":7}},{"start":{"line":126,"column":6},"end":{"line":131,"column":7}}]},"6":{"loc":{"start":{"line":158,"column":6},"end":{"line":160,"column":7}},"type":"if","locations":[{"start":{"line":158,"column":6},"end":{"line":160,"column":7}},{"start":{"line":158,"column":6},"end":{"line":160,"column":7}}]},"7":{"loc":{"start":{"line":158,"column":10},"end":{"line":158,"column":61}},"type":"binary-expr","locations":[{"start":{"line":158,"column":10},"end":{"line":158,"column":37}},{"start":{"line":158,"column":41},"end":{"line":158,"column":61}}]}},"s":{"0":0,"1":0,"2":0,"3":0,"4":0,"5":0,"6":0,"7":0,"8":0,"9":0,"10":0,"11":0,"12":0,"13":0,"14":0,"15":0,"16":0,"17":0,"18":0,"19":0,"20":0,"21":0,"22":0,"23":0,"24":0,"25":0,"26":0,"27":0,"28":0,"29":0,"30":0,"31":0,"32":0,"33":0,"34":0,"35":0,"36":0,"37":0,"38":0,"39":0,"40":0,"41":0,"42":0,"43":0,"44":0,"45":0,"46":0,"47":0,"48":0,"49":0,"50":0,"51":0,"52":0,"53":0,"54":0,"55":0,"56":0,"57":0,"58":0,"59":0,"60":0,"61":0,"62":0,"63":0,"64":0,"65":0,"66":0,"67":0,"68":0,"69":0,"70":0,"71":0,"72":0,"73":0,"74":0,"75":0,"76":0,"77":0,"78":0,"79":0,"80":0,"81":0,"82":0,"83":0,"84":0,"85":0,"86":0,"87":0,"88":0},"f":{"0":0,"1":0,"2":0,"3":0,"4":0,"5":0,"6":0,"7":0,"8":0,"9":0,"10":0,"11":0,"12":0,"13":0,"14":0,"15":0,"16":0,"17":0,"18":0,"19":0,"20":0,"21":0,"22":0,"23":0,"24":0},"b":{"0":[0,0],"1":[0,0],"2":[0,0],"3":[0,0],"4":[0,0],"5":[0,0],"6":[0,0],"7":[0,0]}}
,"/Users/aina/8thlight/tttWebApp/public/js/src/script.js": {"path":"/Users/aina/8thlight/tttWebApp/public/js/src/script.js","statementMap":{"0":{"start":{"line":1,"column":0},"end":{"line":1,"column":21}},"1":{"start":{"line":2,"column":13},"end":{"line":2,"column":35}},"2":{"start":{"line":4,"column":0},"end":{"line":4,"column":36}},"3":{"start":{"line":5,"column":0},"end":{"line":5,"column":45}},"4":{"start":{"line":7,"column":0},"end":{"line":23,"column":3}},"5":{"start":{"line":9,"column":2},"end":{"line":9,"column":53}},"6":{"start":{"line":11,"column":2},"end":{"line":17,"column":5}},"7":{"start":{"line":12,"column":4},"end":{"line":12,"column":27}},"8":{"start":{"line":13,"column":16},"end":{"line":13,"column":67}},"9":{"start":{"line":14,"column":15},"end":{"line":14,"column":38}},"10":{"start":{"line":15,"column":15},"end":{"line":15,"column":60}},"11":{"start":{"line":16,"column":4},"end":{"line":16,"column":63}},"12":{"start":{"line":19,"column":2},"end":{"line":22,"column":5}},"13":{"start":{"line":20,"column":4},"end":{"line":20,"column":27}},"14":{"start":{"line":21,"column":4},"end":{"line":21,"column":55}}},"fnMap":{"0":{"name":"(anonymous_0)","decl":{"start":{"line":7,"column":46},"end":{"line":7,"column":47}},"loc":{"start":{"line":7,"column":63},"end":{"line":23,"column":1}}},"1":{"name":"(anonymous_1)","decl":{"start":{"line":11,"column":36},"end":{"line":11,"column":37}},"loc":{"start":{"line":11,"column":53},"end":{"line":17,"column":3}}},"2":{"name":"(anonymous_2)","decl":{"start":{"line":19,"column":63},"end":{"line":19,"column":64}},"loc":{"start":{"line":19,"column":80},"end":{"line":22,"column":3}}}},"branchMap":{},"s":{"0":0,"1":0,"2":0,"3":0,"4":0,"5":0,"6":0,"7":0,"8":0,"9":0,"10":0,"11":0,"12":0,"13":0,"14":0},"f":{"0":0,"1":0,"2":0},"b":{}}
,"/Users/aina/8thlight/tttWebApp/public/js/src/writer.js": {"path":"/Users/aina/8thlight/tttWebApp/public/js/src/writer.js","statementMap":{"0":{"start":{"line":1,"column":17},"end":{"line":4,"column":1}},"1":{"start":{"line":2,"column":15},"end":{"line":2,"column":48}},"2":{"start":{"line":3,"column":2},"end":{"line":3,"column":25}},"3":{"start":{"line":6,"column":18},"end":{"line":29,"column":1}},"4":{"start":{"line":7,"column":14},"end":{"line":7,"column":31}},"5":{"start":{"line":8,"column":17},"end":{"line":8,"column":79}},"6":{"start":{"line":9,"column":20},"end":{"line":9,"column":95}},"7":{"start":{"line":10,"column":20},"end":{"line":10,"column":29}},"8":{"start":{"line":11,"column":18},"end":{"line":11,"column":20}},"9":{"start":{"line":13,"column":18},"end":{"line":19,"column":3}},"10":{"start":{"line":14,"column":4},"end":{"line":18,"column":5}},"11":{"start":{"line":15,"column":6},"end":{"line":15,"column":27}},"12":{"start":{"line":17,"column":6},"end":{"line":17,"column":23}},"13":{"start":{"line":21,"column":2},"end":{"line":27,"column":3}},"14":{"start":{"line":22,"column":4},"end":{"line":22,"column":26}},"15":{"start":{"line":23,"column":4},"end":{"line":23,"column":29}},"16":{"start":{"line":24,"column":4},"end":{"line":24,"column":77}},"17":{"start":{"line":25,"column":4},"end":{"line":25,"column":92}},"18":{"start":{"line":26,"column":4},"end":{"line":26,"column":30}},"19":{"start":{"line":28,"column":2},"end":{"line":28,"column":19}},"20":{"start":{"line":31,"column":15},"end":{"line":34,"column":1}},"21":{"start":{"line":32,"column":2},"end":{"line":32,"column":40}},"22":{"start":{"line":33,"column":2},"end":{"line":33,"column":41}},"23":{"start":{"line":36,"column":0},"end":{"line":40,"column":1}}},"fnMap":{"0":{"name":"(anonymous_0)","decl":{"start":{"line":1,"column":17},"end":{"line":1,"column":18}},"loc":{"start":{"line":1,"column":42},"end":{"line":4,"column":1}}},"1":{"name":"(anonymous_1)","decl":{"start":{"line":6,"column":18},"end":{"line":6,"column":19}},"loc":{"start":{"line":6,"column":37},"end":{"line":29,"column":1}}},"2":{"name":"(anonymous_2)","decl":{"start":{"line":13,"column":18},"end":{"line":13,"column":19}},"loc":{"start":{"line":13,"column":34},"end":{"line":19,"column":3}}},"3":{"name":"(anonymous_3)","decl":{"start":{"line":31,"column":15},"end":{"line":31,"column":16}},"loc":{"start":{"line":31,"column":30},"end":{"line":34,"column":1}}}},"branchMap":{"0":{"loc":{"start":{"line":14,"column":4},"end":{"line":18,"column":5}},"type":"if","locations":[{"start":{"line":14,"column":4},"end":{"line":18,"column":5}},{"start":{"line":14,"column":4},"end":{"line":18,"column":5}}]}},"s":{"0":1,"1":5,"2":5,"3":1,"4":3,"5":3,"6":3,"7":3,"8":3,"9":3,"10":27,"11":9,"12":18,"13":3,"14":27,"15":27,"16":27,"17":27,"18":27,"19":3,"20":1,"21":2,"22":2,"23":1},"f":{"0":5,"1":3,"2":27,"3":2},"b":{"0":[9,18]},"_coverageSchema":"332fd63041d2c1bcb487cc26dd0d5f7d97098a6c","hash":"77b3d5b29c25fe3bcf909f4497fb5674dde73850"}
}
